2019-09-24 15:45:51,181 [Worker-208] WARN  o.e.r.models.ModelRepository - Failed to download org.eclipse.recommenders:index::zip:0.0.0
org.eclipse.aether.resolution.ArtifactResolutionException: Could not find artifact org.eclipse.recommenders:index:zip:0.0.0-SNAPSHOT in models (http://download.eclipse.org/recommenders/models/neon/)
	at org.eclipse.aether.internal.impl.DefaultArtifactResolver.resolve(DefaultArtifactResolver.java:444) ~[na:na]
	at org.eclipse.aether.internal.impl.DefaultArtifactResolver.resolveArtifacts(DefaultArtifactResolver.java:246) ~[na:na]
	at org.eclipse.aether.internal.impl.DefaultArtifactResolver.resolveArtifact(DefaultArtifactResolver.java:223) ~[na:na]
	at org.eclipse.aether.internal.impl.DefaultRepositorySystem.resolveArtifact(DefaultRepositorySystem.java:294) ~[na:na]
	at org.eclipse.recommenders.models.ModelRepository.resolveInternal(ModelRepository.java:193) [org.eclipse.recommenders.models_2.4.3.v20160913-0645.jar:na]
	at org.eclipse.recommenders.models.ModelRepository.resolve(ModelRepository.java:172) [org.eclipse.recommenders.models_2.4.3.v20160913-0645.jar:na]
	at org.eclipse.recommenders.internal.models.rcp.EclipseModelRepository.resolve(EclipseModelRepository.java:165) [org.eclipse.recommenders.models.rcp_2.4.3.v20160913-0645.jar:na]
	at org.eclipse.recommenders.internal.models.rcp.DownloadModelArchiveJob.run(DownloadModelArchiveJob.java:76) [org.eclipse.recommenders.models.rcp_2.4.3.v20160913-0645.jar:na]
	at org.eclipse.core.internal.jobs.Worker.run(Worker.java:55) [org.eclipse.core.jobs_3.8.0.v20160509-0411.jar:na]
Caused by: org.eclipse.aether.transfer.ArtifactNotFoundException: Could not find artifact org.eclipse.recommenders:index:zip:0.0.0-SNAPSHOT in models (http://download.eclipse.org/recommenders/models/neon/)
	at org.eclipse.aether.connector.basic.ArtifactTransportListener.transferFailed(ArtifactTransportListener.java:39) ~[org.eclipse.aether.connector.basic_1.0.1.v20141111.jar:na]
	at org.eclipse.aether.connector.basic.BasicRepositoryConnector$TaskRunner.run(BasicRepositoryConnector.java:355) ~[org.eclipse.aether.connector.basic_1.0.1.v20141111.jar:na]
	at org.eclipse.aether.util.concurrency.RunnableErrorForwarder$1.run(RunnableErrorForwarder.java:67) ~[na:na]
	at org.eclipse.aether.connector.basic.BasicRepositoryConnector$DirectExecutor.execute(BasicRepositoryConnector.java:581) ~[org.eclipse.aether.connector.basic_1.0.1.v20141111.jar:na]
	at org.eclipse.aether.connector.basic.BasicRepositoryConnector.get(BasicRepositoryConnector.java:249) ~[org.eclipse.aether.connector.basic_1.0.1.v20141111.jar:na]
	at org.eclipse.aether.internal.impl.DefaultArtifactResolver.performDownloads(DefaultArtifactResolver.java:520) ~[na:na]
	at org.eclipse.aether.internal.impl.DefaultArtifactResolver.resolve(DefaultArtifactResolver.java:421) ~[na:na]
	... 8 common frames omitted
2019-09-24 18:10:08,431 [Worker-7] WARN  o.e.r.models.ModelRepository - Failed to download org.eclipse.recommenders:index::zip:0.0.0
org.eclipse.aether.resolution.ArtifactResolutionException: Could not find artifact org.eclipse.recommenders:index:zip:0.0.0-SNAPSHOT in models (http://download.eclipse.org/recommenders/models/neon/)
	at org.eclipse.aether.internal.impl.DefaultArtifactResolver.resolve(DefaultArtifactResolver.java:444) ~[na:na]
	at org.eclipse.aether.internal.impl.DefaultArtifactResolver.resolveArtifacts(DefaultArtifactResolver.java:246) ~[na:na]
	at org.eclipse.aether.internal.impl.DefaultArtifactResolver.resolveArtifact(DefaultArtifactResolver.java:223) ~[na:na]
	at org.eclipse.aether.internal.impl.DefaultRepositorySystem.resolveArtifact(DefaultRepositorySystem.java:294) ~[na:na]
	at org.eclipse.recommenders.models.ModelRepository.resolveInternal(ModelRepository.java:193) [org.eclipse.recommenders.models_2.4.3.v20160913-0645.jar:na]
	at org.eclipse.recommenders.models.ModelRepository.resolve(ModelRepository.java:172) [org.eclipse.recommenders.models_2.4.3.v20160913-0645.jar:na]
	at org.eclipse.recommenders.internal.models.rcp.EclipseModelRepository.resolve(EclipseModelRepository.java:165) [org.eclipse.recommenders.models.rcp_2.4.3.v20160913-0645.jar:na]
	at org.eclipse.recommenders.internal.models.rcp.DownloadModelArchiveJob.run(DownloadModelArchiveJob.java:76) [org.eclipse.recommenders.models.rcp_2.4.3.v20160913-0645.jar:na]
	at org.eclipse.core.internal.jobs.Worker.run(Worker.java:55) [org.eclipse.core.jobs_3.8.0.v20160509-0411.jar:na]
Caused by: org.eclipse.aether.transfer.ArtifactNotFoundException: Could not find artifact org.eclipse.recommenders:index:zip:0.0.0-SNAPSHOT in models (http://download.eclipse.org/recommenders/models/neon/)
	at org.eclipse.aether.connector.basic.ArtifactTransportListener.transferFailed(ArtifactTransportListener.java:39) ~[org.eclipse.aether.connector.basic_1.0.1.v20141111.jar:na]
	at org.eclipse.aether.connector.basic.BasicRepositoryConnector$TaskRunner.run(BasicRepositoryConnector.java:355) ~[org.eclipse.aether.connector.basic_1.0.1.v20141111.jar:na]
	at org.eclipse.aether.util.concurrency.RunnableErrorForwarder$1.run(RunnableErrorForwarder.java:67) ~[na:na]
	at org.eclipse.aether.connector.basic.BasicRepositoryConnector$DirectExecutor.execute(BasicRepositoryConnector.java:581) ~[org.eclipse.aether.connector.basic_1.0.1.v20141111.jar:na]
	at org.eclipse.aether.connector.basic.BasicRepositoryConnector.get(BasicRepositoryConnector.java:249) ~[org.eclipse.aether.connector.basic_1.0.1.v20141111.jar:na]
	at org.eclipse.aether.internal.impl.DefaultArtifactResolver.performDownloads(DefaultArtifactResolver.java:520) ~[na:na]
	at org.eclipse.aether.internal.impl.DefaultArtifactResolver.resolve(DefaultArtifactResolver.java:421) ~[na:na]
	... 8 common frames omitted
2019-09-27 13:27:15,752 [Worker-33] WARN  o.e.r.models.ModelRepository - Failed to download org.eclipse.recommenders:index::zip:0.0.0
org.eclipse.aether.resolution.ArtifactResolutionException: Could not find artifact org.eclipse.recommenders:index:zip:0.0.0-SNAPSHOT in models (http://download.eclipse.org/recommenders/models/neon/)
	at org.eclipse.aether.internal.impl.DefaultArtifactResolver.resolve(DefaultArtifactResolver.java:444) ~[na:na]
	at org.eclipse.aether.internal.impl.DefaultArtifactResolver.resolveArtifacts(DefaultArtifactResolver.java:246) ~[na:na]
	at org.eclipse.aether.internal.impl.DefaultArtifactResolver.resolveArtifact(DefaultArtifactResolver.java:223) ~[na:na]
	at org.eclipse.aether.internal.impl.DefaultRepositorySystem.resolveArtifact(DefaultRepositorySystem.java:294) ~[na:na]
	at org.eclipse.recommenders.models.ModelRepository.resolveInternal(ModelRepository.java:193) [org.eclipse.recommenders.models_2.4.3.v20160913-0645.jar:na]
	at org.eclipse.recommenders.models.ModelRepository.resolve(ModelRepository.java:172) [org.eclipse.recommenders.models_2.4.3.v20160913-0645.jar:na]
	at org.eclipse.recommenders.internal.models.rcp.EclipseModelRepository.resolve(EclipseModelRepository.java:165) [org.eclipse.recommenders.models.rcp_2.4.3.v20160913-0645.jar:na]
	at org.eclipse.recommenders.internal.models.rcp.DownloadModelArchiveJob.run(DownloadModelArchiveJob.java:76) [org.eclipse.recommenders.models.rcp_2.4.3.v20160913-0645.jar:na]
	at org.eclipse.core.internal.jobs.Worker.run(Worker.java:55) [org.eclipse.core.jobs_3.8.0.v20160509-0411.jar:na]
Caused by: org.eclipse.aether.transfer.ArtifactNotFoundException: Could not find artifact org.eclipse.recommenders:index:zip:0.0.0-SNAPSHOT in models (http://download.eclipse.org/recommenders/models/neon/)
	at org.eclipse.aether.connector.basic.ArtifactTransportListener.transferFailed(ArtifactTransportListener.java:39) ~[org.eclipse.aether.connector.basic_1.0.1.v20141111.jar:na]
	at org.eclipse.aether.connector.basic.BasicRepositoryConnector$TaskRunner.run(BasicRepositoryConnector.java:355) ~[org.eclipse.aether.connector.basic_1.0.1.v20141111.jar:na]
	at org.eclipse.aether.util.concurrency.RunnableErrorForwarder$1.run(RunnableErrorForwarder.java:67) ~[na:na]
	at org.eclipse.aether.connector.basic.BasicRepositoryConnector$DirectExecutor.execute(BasicRepositoryConnector.java:581) ~[org.eclipse.aether.connector.basic_1.0.1.v20141111.jar:na]
	at org.eclipse.aether.connector.basic.BasicRepositoryConnector.get(BasicRepositoryConnector.java:249) ~[org.eclipse.aether.connector.basic_1.0.1.v20141111.jar:na]
	at org.eclipse.aether.internal.impl.DefaultArtifactResolver.performDownloads(DefaultArtifactResolver.java:520) ~[na:na]
	at org.eclipse.aether.internal.impl.DefaultArtifactResolver.resolve(DefaultArtifactResolver.java:421) ~[na:na]
	... 8 common frames omitted
2019-10-10 13:15:49,787 [Worker-105] WARN  o.e.r.models.ModelRepository - Failed to download org.eclipse.recommenders:index::zip:0.0.0
org.eclipse.aether.resolution.ArtifactResolutionException: Could not find artifact org.eclipse.recommenders:index:zip:0.0.0-SNAPSHOT in models (http://download.eclipse.org/recommenders/models/neon/)
	at org.eclipse.aether.internal.impl.DefaultArtifactResolver.resolve(DefaultArtifactResolver.java:444) ~[na:na]
	at org.eclipse.aether.internal.impl.DefaultArtifactResolver.resolveArtifacts(DefaultArtifactResolver.java:246) ~[na:na]
	at org.eclipse.aether.internal.impl.DefaultArtifactResolver.resolveArtifact(DefaultArtifactResolver.java:223) ~[na:na]
	at org.eclipse.aether.internal.impl.DefaultRepositorySystem.resolveArtifact(DefaultRepositorySystem.java:294) ~[na:na]
	at org.eclipse.recommenders.models.ModelRepository.resolveInternal(ModelRepository.java:193) [org.eclipse.recommenders.models_2.4.3.v20160913-0645.jar:na]
	at org.eclipse.recommenders.models.ModelRepository.resolve(ModelRepository.java:172) [org.eclipse.recommenders.models_2.4.3.v20160913-0645.jar:na]
	at org.eclipse.recommenders.internal.models.rcp.EclipseModelRepository.resolve(EclipseModelRepository.java:165) [org.eclipse.recommenders.models.rcp_2.4.3.v20160913-0645.jar:na]
	at org.eclipse.recommenders.internal.models.rcp.DownloadModelArchiveJob.run(DownloadModelArchiveJob.java:76) [org.eclipse.recommenders.models.rcp_2.4.3.v20160913-0645.jar:na]
	at org.eclipse.core.internal.jobs.Worker.run(Worker.java:55) [org.eclipse.core.jobs_3.8.0.v20160509-0411.jar:na]
Caused by: org.eclipse.aether.transfer.ArtifactNotFoundException: Could not find artifact org.eclipse.recommenders:index:zip:0.0.0-SNAPSHOT in models (http://download.eclipse.org/recommenders/models/neon/)
	at org.eclipse.aether.connector.basic.ArtifactTransportListener.transferFailed(ArtifactTransportListener.java:39) ~[org.eclipse.aether.connector.basic_1.0.1.v20141111.jar:na]
	at org.eclipse.aether.connector.basic.BasicRepositoryConnector$TaskRunner.run(BasicRepositoryConnector.java:355) ~[org.eclipse.aether.connector.basic_1.0.1.v20141111.jar:na]
	at org.eclipse.aether.util.concurrency.RunnableErrorForwarder$1.run(RunnableErrorForwarder.java:67) ~[na:na]
	at org.eclipse.aether.connector.basic.BasicRepositoryConnector$DirectExecutor.execute(BasicRepositoryConnector.java:581) ~[org.eclipse.aether.connector.basic_1.0.1.v20141111.jar:na]
	at org.eclipse.aether.connector.basic.BasicRepositoryConnector.get(BasicRepositoryConnector.java:249) ~[org.eclipse.aether.connector.basic_1.0.1.v20141111.jar:na]
	at org.eclipse.aether.internal.impl.DefaultArtifactResolver.performDownloads(DefaultArtifactResolver.java:520) ~[na:na]
	at org.eclipse.aether.internal.impl.DefaultArtifactResolver.resolve(DefaultArtifactResolver.java:421) ~[na:na]
	... 8 common frames omitted
2019-10-10 16:29:59,877 [Worker-133] WARN  o.e.r.models.ModelRepository - Failed to download org.eclipse.recommenders:index::zip:0.0.0
org.eclipse.aether.resolution.ArtifactResolutionException: Could not find artifact org.eclipse.recommenders:index:zip:0.0.0-SNAPSHOT in models (http://download.eclipse.org/recommenders/models/neon/)
	at org.eclipse.aether.internal.impl.DefaultArtifactResolver.resolve(DefaultArtifactResolver.java:444) ~[na:na]
	at org.eclipse.aether.internal.impl.DefaultArtifactResolver.resolveArtifacts(DefaultArtifactResolver.java:246) ~[na:na]
	at org.eclipse.aether.internal.impl.DefaultArtifactResolver.resolveArtifact(DefaultArtifactResolver.java:223) ~[na:na]
	at org.eclipse.aether.internal.impl.DefaultRepositorySystem.resolveArtifact(DefaultRepositorySystem.java:294) ~[na:na]
	at org.eclipse.recommenders.models.ModelRepository.resolveInternal(ModelRepository.java:193) [org.eclipse.recommenders.models_2.4.3.v20160913-0645.jar:na]
	at org.eclipse.recommenders.models.ModelRepository.resolve(ModelRepository.java:172) [org.eclipse.recommenders.models_2.4.3.v20160913-0645.jar:na]
	at org.eclipse.recommenders.internal.models.rcp.EclipseModelRepository.resolve(EclipseModelRepository.java:165) [org.eclipse.recommenders.models.rcp_2.4.3.v20160913-0645.jar:na]
	at org.eclipse.recommenders.internal.models.rcp.DownloadModelArchiveJob.run(DownloadModelArchiveJob.java:76) [org.eclipse.recommenders.models.rcp_2.4.3.v20160913-0645.jar:na]
	at org.eclipse.core.internal.jobs.Worker.run(Worker.java:55) [org.eclipse.core.jobs_3.8.0.v20160509-0411.jar:na]
Caused by: org.eclipse.aether.transfer.ArtifactNotFoundException: Could not find artifact org.eclipse.recommenders:index:zip:0.0.0-SNAPSHOT in models (http://download.eclipse.org/recommenders/models/neon/)
	at org.eclipse.aether.connector.basic.ArtifactTransportListener.transferFailed(ArtifactTransportListener.java:39) ~[org.eclipse.aether.connector.basic_1.0.1.v20141111.jar:na]
	at org.eclipse.aether.connector.basic.BasicRepositoryConnector$TaskRunner.run(BasicRepositoryConnector.java:355) ~[org.eclipse.aether.connector.basic_1.0.1.v20141111.jar:na]
	at org.eclipse.aether.util.concurrency.RunnableErrorForwarder$1.run(RunnableErrorForwarder.java:67) ~[na:na]
	at org.eclipse.aether.connector.basic.BasicRepositoryConnector$DirectExecutor.execute(BasicRepositoryConnector.java:581) ~[org.eclipse.aether.connector.basic_1.0.1.v20141111.jar:na]
	at org.eclipse.aether.connector.basic.BasicRepositoryConnector.get(BasicRepositoryConnector.java:249) ~[org.eclipse.aether.connector.basic_1.0.1.v20141111.jar:na]
	at org.eclipse.aether.internal.impl.DefaultArtifactResolver.performDownloads(DefaultArtifactResolver.java:520) ~[na:na]
	at org.eclipse.aether.internal.impl.DefaultArtifactResolver.resolve(DefaultArtifactResolver.java:421) ~[na:na]
	... 8 common frames omitted
2019-10-14 17:51:47,359 [Thread-9] ERROR org.eclipse.jgit.util.FS - 2019-10-14 17:51:46.422 xcodebuild[84634:5593058] [MT] DVTPlugInLoading: Failed to load code for plug-in com.apple.dt.IDE.DVTKitDFRSupport (/Applications/Xcode.app/Contents/PlugIns/DVTKitDFRSupport.ideplugin), error = Error Domain=NSCocoaErrorDomain Code=3588 "dlopen(/Applications/Xcode.app/Contents/PlugIns/DVTKitDFRSupport.ideplugin/Contents/MacOS/DVTKitDFRSupport, 265): Symbol not found: _OBJC_IVAR_$_NSTextViewIvars.sharedData
  Referenced from: /Applications/Xcode.app/Contents/Developer/usr/bin/../../../SharedFrameworks/DVTKit.framework/Versions/A/DVTKit
  Expected in: /System/Library/Frameworks/AppKit.framework/Versions/C/AppKit
 in /Applications/Xcode.app/Contents/Developer/usr/bin/../../../SharedFrameworks/DVTKit.framework/Versions/A/DVTKit" UserInfo={NSLocalizedFailureReason=The bundle couldn’t be loaded., NSLocalizedRecoverySuggestion=Try reinstalling the bundle., NSFilePath=/Applications/Xcode.app/Contents/PlugIns/DVTKitDFRSupport.ideplugin/Contents/MacOS/DVTKitDFRSupport, NSDebugDescription=dlopen(/Applications/Xcode.app/Contents/PlugIns/DVTKitDFRSupport.ideplugin/Contents/MacOS/DVTKitDFRSupport, 265): Symbol not found: _OBJC_IVAR_$_NSTextViewIvars.sharedData
  Referenced from: /Applications/Xcode.app/Contents/Developer/usr/bin/../../../SharedFrameworks/DVTKit.framework/Versions/A/DVTKit
  Expected in: /System/Library/Frameworks/AppKit.framework/Versions/C/AppKit
 in /Applications/Xcode.app/Contents/Developer/usr/bin/../../../SharedFrameworks/DVTKit.framework/Versions/A/DVTKit, NSBundlePath=/Applications/Xcode.app/Contents/PlugIns/DVTKitDFRSupport.ideplugin, NSLocalizedDescription=The bundle “DVTKitDFRSupport” couldn’t be loaded.}, dyldError = dlopen(/Applications/Xcode.app/Contents/PlugIns/DVTKitDFRSupport.ideplugin/Contents/MacOS/DVTKitDFRSupport, 0): Symbol not found: _OBJC_IVAR_$_NSTextViewIvars.sharedData
  Referenced from: /Applications/Xcode.app/Contents/Developer/usr/bin/../../../SharedFrameworks/DVTKit.framework/Versions/A/DVTKit
  Expected in: /System/Library/Frameworks/AppKit.framework/Versions/C/AppKit
 in /Applications/Xcode.app/Contents/Developer/usr/bin/../../../SharedFrameworks/DVTKit.framework/Versions/A/DVTKit
2019-10-14 17:51:46.423 xcodebuild[84634:5593058] [MT] DVTPlugInExtensionFaulting: Failed to fire fault for extension Xcode.DVTKitDFRSupport.Initializer: Error Domain=DVTPlugInErrorDomain Code=2 "Loading a plug-in failed." UserInfo={DVTPlugInIdentifierErrorKey=com.apple.dt.IDE.DVTKitDFRSupport, DVTPlugInExecutablePathErrorKey=/Applications/Xcode.app/Contents/PlugIns/DVTKitDFRSupport.ideplugin/Contents/MacOS/DVTKitDFRSupport, NSLocalizedRecoverySuggestion=The plug-in or one of its prerequisite plug-ins may be missing or damaged and may need to be reinstalled., DVTPlugInDYLDErrorMessageErrorKey=dlopen(/Applications/Xcode.app/Contents/PlugIns/DVTKitDFRSupport.ideplugin/Contents/MacOS/DVTKitDFRSupport, 0): Symbol not found: _OBJC_IVAR_$_NSTextViewIvars.sharedData
  Referenced from: /Applications/Xcode.app/Contents/Developer/usr/bin/../../../SharedFrameworks/DVTKit.framework/Versions/A/DVTKit
  Expected in: /System/Library/Frameworks/AppKit.framework/Versions/C/AppKit
 in /Applications/Xcode.app/Contents/Developer/usr/bin/../../../SharedFrameworks/DVTKit.framework/Versions/A/DVTKit, NSLocalizedDescription=Loading a plug-in failed., NSFilePath=/Applications/Xcode.app/Contents/PlugIns/DVTKitDFRSupport.ideplugin, NSLocalizedFailureReason=The plug-in “com.apple.dt.IDE.DVTKitDFRSupport” at path “/Applications/Xcode.app/Contents/PlugIns/DVTKitDFRSupport.ideplugin” could not be loaded.  The plug-in or one of its prerequisite plug-ins may be missing or damaged., NSUnderlyingError=0x7ff733278fe0 {Error Domain=NSCocoaErrorDomain Code=3588 "dlopen(/Applications/Xcode.app/Contents/PlugIns/DVTKitDFRSupport.ideplugin/Contents/MacOS/DVTKitDFRSupport, 265): Symbol not found: _OBJC_IVAR_$_NSTextViewIvars.sharedData
  Referenced from: /Applications/Xcode.app/Contents/Developer/usr/bin/../../../SharedFrameworks/DVTKit.framework/Versions/A/DVTKit
  Expected in: /System/Library/Frameworks/AppKit.framework/Versions/C/AppKit
 in /Applications/Xcode.app/Contents/Developer/usr/bin/../../../SharedFrameworks/DVTKit.framework/Versions/A/DVTKit" UserInfo={NSLocalizedFailureReason=The bundle couldn’t be loaded., NSLocalizedRecoverySuggestion=Try reinstalling the bundle., NSFilePath=/Applications/Xcode.app/Contents/PlugIns/DVTKitDFRSupport.ideplugin/Contents/MacOS/DVTKitDFRSupport, NSDebugDescription=dlopen(/Applications/Xcode.app/Contents/PlugIns/DVTKitDFRSupport.ideplugin/Contents/MacOS/DVTKitDFRSupport, 265): Symbol not found: _OBJC_IVAR_$_NSTextViewIvars.sharedData
  Referenced from: /Applications/Xcode.app/Contents/Developer/usr/bin/../../../SharedFrameworks/DVTKit.framework/Versions/A/DVTKit
  Expected in: /System/Library/Frameworks/AppKit.framework/Versions/C/AppKit
 in /Applications/Xcode.app/Contents/Developer/usr/bin/../../../SharedFrameworks/DVTKit.framework/Versions/A/DVTKit, NSBundlePath=/Applications/Xcode.app/Contents/PlugIns/DVTKitDFRSupport.ideplugin, NSLocalizedDescription=The bundle “DVTKitDFRSupport” couldn’t be loaded.}}}
** INTERNAL ERROR: Uncaught exception **
Uncaught Exception: Error getting value for key 'initializationClass' of extension 'Xcode.DVTKitDFRSupport.Initializer' in plug-in 'com.apple.dt.IDE.DVTKitDFRSupport'
Stack:
  0   __exceptionPreprocess (in CoreFoundation)
  1   objc_exception_throw (in libobjc.A.dylib)
  2   -[DVTExtension valueForKey:error:] (in DVTFoundation)
  3   _IDEInitializeOnePlugInAndPrerequisites (in IDEFoundation)
  4   _IDEInitializePlugIns (in IDEFoundation)
  5   IDEInitialize (in IDEFoundation)
  6   -[Xcode3CommandLineBuildTool run] (in Xcode3Core)
  7  0x0000000109f8f202 (in xcodebuild)
  8   start (in libdyld.dylib)

sh: line 1: 84638 Abort trap: 6           /Applications/Xcode.app/Contents/Developer/usr/bin/xcodebuild -sdk macosx -find git 2> /dev/null
git: error: unable to find utility "git", not a developer tool or in PATH

2019-10-14 17:51:48,660 [Thread-10] ERROR org.eclipse.jgit.util.FS - 2019-10-14 17:51:47.985 xcodebuild[84641:5593107] [MT] DVTPlugInLoading: Failed to load code for plug-in com.apple.dt.IDE.DVTKitDFRSupport (/Applications/Xcode.app/Contents/PlugIns/DVTKitDFRSupport.ideplugin), error = Error Domain=NSCocoaErrorDomain Code=3588 "dlopen(/Applications/Xcode.app/Contents/PlugIns/DVTKitDFRSupport.ideplugin/Contents/MacOS/DVTKitDFRSupport, 265): Symbol not found: _OBJC_IVAR_$_NSTextViewIvars.sharedData
  Referenced from: /Applications/Xcode.app/Contents/Developer/usr/bin/../../../SharedFrameworks/DVTKit.framework/Versions/A/DVTKit
  Expected in: /System/Library/Frameworks/AppKit.framework/Versions/C/AppKit
 in /Applications/Xcode.app/Contents/Developer/usr/bin/../../../SharedFrameworks/DVTKit.framework/Versions/A/DVTKit" UserInfo={NSLocalizedFailureReason=The bundle couldn’t be loaded., NSLocalizedRecoverySuggestion=Try reinstalling the bundle., NSFilePath=/Applications/Xcode.app/Contents/PlugIns/DVTKitDFRSupport.ideplugin/Contents/MacOS/DVTKitDFRSupport, NSDebugDescription=dlopen(/Applications/Xcode.app/Contents/PlugIns/DVTKitDFRSupport.ideplugin/Contents/MacOS/DVTKitDFRSupport, 265): Symbol not found: _OBJC_IVAR_$_NSTextViewIvars.sharedData
  Referenced from: /Applications/Xcode.app/Contents/Developer/usr/bin/../../../SharedFrameworks/DVTKit.framework/Versions/A/DVTKit
  Expected in: /System/Library/Frameworks/AppKit.framework/Versions/C/AppKit
 in /Applications/Xcode.app/Contents/Developer/usr/bin/../../../SharedFrameworks/DVTKit.framework/Versions/A/DVTKit, NSBundlePath=/Applications/Xcode.app/Contents/PlugIns/DVTKitDFRSupport.ideplugin, NSLocalizedDescription=The bundle “DVTKitDFRSupport” couldn’t be loaded.}, dyldError = dlopen(/Applications/Xcode.app/Contents/PlugIns/DVTKitDFRSupport.ideplugin/Contents/MacOS/DVTKitDFRSupport, 0): Symbol not found: _OBJC_IVAR_$_NSTextViewIvars.sharedData
  Referenced from: /Applications/Xcode.app/Contents/Developer/usr/bin/../../../SharedFrameworks/DVTKit.framework/Versions/A/DVTKit
  Expected in: /System/Library/Frameworks/AppKit.framework/Versions/C/AppKit
 in /Applications/Xcode.app/Contents/Developer/usr/bin/../../../SharedFrameworks/DVTKit.framework/Versions/A/DVTKit
2019-10-14 17:51:47.985 xcodebuild[84641:5593107] [MT] DVTPlugInExtensionFaulting: Failed to fire fault for extension Xcode.DVTKitDFRSupport.Initializer: Error Domain=DVTPlugInErrorDomain Code=2 "Loading a plug-in failed." UserInfo={DVTPlugInIdentifierErrorKey=com.apple.dt.IDE.DVTKitDFRSupport, DVTPlugInExecutablePathErrorKey=/Applications/Xcode.app/Contents/PlugIns/DVTKitDFRSupport.ideplugin/Contents/MacOS/DVTKitDFRSupport, NSLocalizedRecoverySuggestion=The plug-in or one of its prerequisite plug-ins may be missing or damaged and may need to be reinstalled., DVTPlugInDYLDErrorMessageErrorKey=dlopen(/Applications/Xcode.app/Contents/PlugIns/DVTKitDFRSupport.ideplugin/Contents/MacOS/DVTKitDFRSupport, 0): Symbol not found: _OBJC_IVAR_$_NSTextViewIvars.sharedData
  Referenced from: /Applications/Xcode.app/Contents/Developer/usr/bin/../../../SharedFrameworks/DVTKit.framework/Versions/A/DVTKit
  Expected in: /System/Library/Frameworks/AppKit.framework/Versions/C/AppKit
 in /Applications/Xcode.app/Contents/Developer/usr/bin/../../../SharedFrameworks/DVTKit.framework/Versions/A/DVTKit, NSLocalizedDescription=Loading a plug-in failed., NSFilePath=/Applications/Xcode.app/Contents/PlugIns/DVTKitDFRSupport.ideplugin, NSLocalizedFailureReason=The plug-in “com.apple.dt.IDE.DVTKitDFRSupport” at path “/Applications/Xcode.app/Contents/PlugIns/DVTKitDFRSupport.ideplugin” could not be loaded.  The plug-in or one of its prerequisite plug-ins may be missing or damaged., NSUnderlyingError=0x7fa08a8d97b0 {Error Domain=NSCocoaErrorDomain Code=3588 "dlopen(/Applications/Xcode.app/Contents/PlugIns/DVTKitDFRSupport.ideplugin/Contents/MacOS/DVTKitDFRSupport, 265): Symbol not found: _OBJC_IVAR_$_NSTextViewIvars.sharedData
  Referenced from: /Applications/Xcode.app/Contents/Developer/usr/bin/../../../SharedFrameworks/DVTKit.framework/Versions/A/DVTKit
  Expected in: /System/Library/Frameworks/AppKit.framework/Versions/C/AppKit
 in /Applications/Xcode.app/Contents/Developer/usr/bin/../../../SharedFrameworks/DVTKit.framework/Versions/A/DVTKit" UserInfo={NSLocalizedFailureReason=The bundle couldn’t be loaded., NSLocalizedRecoverySuggestion=Try reinstalling the bundle., NSFilePath=/Applications/Xcode.app/Contents/PlugIns/DVTKitDFRSupport.ideplugin/Contents/MacOS/DVTKitDFRSupport, NSDebugDescription=dlopen(/Applications/Xcode.app/Contents/PlugIns/DVTKitDFRSupport.ideplugin/Contents/MacOS/DVTKitDFRSupport, 265): Symbol not found: _OBJC_IVAR_$_NSTextViewIvars.sharedData
  Referenced from: /Applications/Xcode.app/Contents/Developer/usr/bin/../../../SharedFrameworks/DVTKit.framework/Versions/A/DVTKit
  Expected in: /System/Library/Frameworks/AppKit.framework/Versions/C/AppKit
 in /Applications/Xcode.app/Contents/Developer/usr/bin/../../../SharedFrameworks/DVTKit.framework/Versions/A/DVTKit, NSBundlePath=/Applications/Xcode.app/Contents/PlugIns/DVTKitDFRSupport.ideplugin, NSLocalizedDescription=The bundle “DVTKitDFRSupport” couldn’t be loaded.}}}
** INTERNAL ERROR: Uncaught exception **
Uncaught Exception: Error getting value for key 'initializationClass' of extension 'Xcode.DVTKitDFRSupport.Initializer' in plug-in 'com.apple.dt.IDE.DVTKitDFRSupport'
Stack:
  0   __exceptionPreprocess (in CoreFoundation)
  1   objc_exception_throw (in libobjc.A.dylib)
  2   -[DVTExtension valueForKey:error:] (in DVTFoundation)
  3   _IDEInitializeOnePlugInAndPrerequisites (in IDEFoundation)
  4   _IDEInitializePlugIns (in IDEFoundation)
  5   IDEInitialize (in IDEFoundation)
  6   -[Xcode3CommandLineBuildTool run] (in Xcode3Core)
  7  0x00000001060fb202 (in xcodebuild)
  8   start (in libdyld.dylib)

sh: line 1: 84644 Abort trap: 6           /Applications/Xcode.app/Contents/Developer/usr/bin/xcodebuild -sdk macosx -find git 2> /dev/null
git: error: unable to find utility "git", not a developer tool or in PATH

2019-10-15 17:13:53,806 [Worker-128] WARN  o.e.r.models.ModelRepository - Failed to download org.eclipse.recommenders:index::zip:0.0.0
org.eclipse.aether.resolution.ArtifactResolutionException: Could not find artifact org.eclipse.recommenders:index:zip:0.0.0-SNAPSHOT in models (http://download.eclipse.org/recommenders/models/neon/)
	at org.eclipse.aether.internal.impl.DefaultArtifactResolver.resolve(DefaultArtifactResolver.java:444) ~[na:na]
	at org.eclipse.aether.internal.impl.DefaultArtifactResolver.resolveArtifacts(DefaultArtifactResolver.java:246) ~[na:na]
	at org.eclipse.aether.internal.impl.DefaultArtifactResolver.resolveArtifact(DefaultArtifactResolver.java:223) ~[na:na]
	at org.eclipse.aether.internal.impl.DefaultRepositorySystem.resolveArtifact(DefaultRepositorySystem.java:294) ~[na:na]
	at org.eclipse.recommenders.models.ModelRepository.resolveInternal(ModelRepository.java:193) [org.eclipse.recommenders.models_2.4.3.v20160913-0645.jar:na]
	at org.eclipse.recommenders.models.ModelRepository.resolve(ModelRepository.java:172) [org.eclipse.recommenders.models_2.4.3.v20160913-0645.jar:na]
	at org.eclipse.recommenders.internal.models.rcp.EclipseModelRepository.resolve(EclipseModelRepository.java:165) [org.eclipse.recommenders.models.rcp_2.4.3.v20160913-0645.jar:na]
	at org.eclipse.recommenders.internal.models.rcp.DownloadModelArchiveJob.run(DownloadModelArchiveJob.java:76) [org.eclipse.recommenders.models.rcp_2.4.3.v20160913-0645.jar:na]
	at org.eclipse.core.internal.jobs.Worker.run(Worker.java:55) [org.eclipse.core.jobs_3.8.0.v20160509-0411.jar:na]
Caused by: org.eclipse.aether.transfer.ArtifactNotFoundException: Could not find artifact org.eclipse.recommenders:index:zip:0.0.0-SNAPSHOT in models (http://download.eclipse.org/recommenders/models/neon/)
	at org.eclipse.aether.connector.basic.ArtifactTransportListener.transferFailed(ArtifactTransportListener.java:39) ~[org.eclipse.aether.connector.basic_1.0.1.v20141111.jar:na]
	at org.eclipse.aether.connector.basic.BasicRepositoryConnector$TaskRunner.run(BasicRepositoryConnector.java:355) ~[org.eclipse.aether.connector.basic_1.0.1.v20141111.jar:na]
	at org.eclipse.aether.util.concurrency.RunnableErrorForwarder$1.run(RunnableErrorForwarder.java:67) ~[na:na]
	at org.eclipse.aether.connector.basic.BasicRepositoryConnector$DirectExecutor.execute(BasicRepositoryConnector.java:581) ~[org.eclipse.aether.connector.basic_1.0.1.v20141111.jar:na]
	at org.eclipse.aether.connector.basic.BasicRepositoryConnector.get(BasicRepositoryConnector.java:249) ~[org.eclipse.aether.connector.basic_1.0.1.v20141111.jar:na]
	at org.eclipse.aether.internal.impl.DefaultArtifactResolver.performDownloads(DefaultArtifactResolver.java:520) ~[na:na]
	at org.eclipse.aether.internal.impl.DefaultArtifactResolver.resolve(DefaultArtifactResolver.java:421) ~[na:na]
	... 8 common frames omitted
2019-10-23 14:31:56,932 [Thread-7] ERROR org.eclipse.jgit.util.FS - 2019-10-23 14:31:54.813 xcodebuild[20315:118462] [MT] DVTPlugInLoading: Failed to load code for plug-in com.apple.dt.IDE.DVTKitDFRSupport (/Applications/Xcode.app/Contents/PlugIns/DVTKitDFRSupport.ideplugin), error = Error Domain=NSCocoaErrorDomain Code=3588 "dlopen(/Applications/Xcode.app/Contents/PlugIns/DVTKitDFRSupport.ideplugin/Contents/MacOS/DVTKitDFRSupport, 265): Symbol not found: _OBJC_IVAR_$_NSFont._fFlags
  Referenced from: /Applications/Xcode.app/Contents/Developer/usr/bin/../../../SharedFrameworks/DVTKit.framework/Versions/A/DVTKit
  Expected in: /System/Library/Frameworks/AppKit.framework/Versions/C/AppKit
 in /Applications/Xcode.app/Contents/Developer/usr/bin/../../../SharedFrameworks/DVTKit.framework/Versions/A/DVTKit" UserInfo={NSLocalizedFailureReason=The bundle couldn’t be loaded., NSLocalizedRecoverySuggestion=Try reinstalling the bundle., NSFilePath=/Applications/Xcode.app/Contents/PlugIns/DVTKitDFRSupport.ideplugin/Contents/MacOS/DVTKitDFRSupport, NSDebugDescription=dlopen(/Applications/Xcode.app/Contents/PlugIns/DVTKitDFRSupport.ideplugin/Contents/MacOS/DVTKitDFRSupport, 265): Symbol not found: _OBJC_IVAR_$_NSFont._fFlags
  Referenced from: /Applications/Xcode.app/Contents/Developer/usr/bin/../../../SharedFrameworks/DVTKit.framework/Versions/A/DVTKit
  Expected in: /System/Library/Frameworks/AppKit.framework/Versions/C/AppKit
 in /Applications/Xcode.app/Contents/Developer/usr/bin/../../../SharedFrameworks/DVTKit.framework/Versions/A/DVTKit, NSBundlePath=/Applications/Xcode.app/Contents/PlugIns/DVTKitDFRSupport.ideplugin, NSLocalizedDescription=The bundle “DVTKitDFRSupport” couldn’t be loaded.}, dyldError = dlopen(/Applications/Xcode.app/Contents/PlugIns/DVTKitDFRSupport.ideplugin/Contents/MacOS/DVTKitDFRSupport, 0): Symbol not found: _OBJC_IVAR_$_NSFont._fFlags
  Referenced from: /Applications/Xcode.app/Contents/SharedFrameworks/DVTFoundation.framework/Versions/A/../../../DVTKit.framework/Versions/A/DVTKit
  Expected in: /System/Library/Frameworks/AppKit.framework/Versions/C/AppKit
 in /Applications/Xcode.app/Contents/SharedFrameworks/DVTFoundation.framework/Versions/A/../../../DVTKit.framework/Versions/A/DVTKit
2019-10-23 14:31:54.814 xcodebuild[20315:118462] [MT] DVTPlugInExtensionFaulting: Failed to fire fault for extension Xcode.DVTKitDFRSupport.Initializer: Error Domain=DVTPlugInErrorDomain Code=2 "Loading a plug-in failed." UserInfo={DVTPlugInIdentifierErrorKey=com.apple.dt.IDE.DVTKitDFRSupport, DVTPlugInExecutablePathErrorKey=/Applications/Xcode.app/Contents/PlugIns/DVTKitDFRSupport.ideplugin/Contents/MacOS/DVTKitDFRSupport, NSLocalizedRecoverySuggestion=The plug-in or one of its prerequisite plug-ins may be missing or damaged and may need to be reinstalled., DVTPlugInDYLDErrorMessageErrorKey=dlopen(/Applications/Xcode.app/Contents/PlugIns/DVTKitDFRSupport.ideplugin/Contents/MacOS/DVTKitDFRSupport, 0): Symbol not found: _OBJC_IVAR_$_NSFont._fFlags
  Referenced from: /Applications/Xcode.app/Contents/SharedFrameworks/DVTFoundation.framework/Versions/A/../../../DVTKit.framework/Versions/A/DVTKit
  Expected in: /System/Library/Frameworks/AppKit.framework/Versions/C/AppKit
 in /Applications/Xcode.app/Contents/SharedFrameworks/DVTFoundation.framework/Versions/A/../../../DVTKit.framework/Versions/A/DVTKit, NSLocalizedDescription=Loading a plug-in failed., NSFilePath=/Applications/Xcode.app/Contents/PlugIns/DVTKitDFRSupport.ideplugin, NSLocalizedFailureReason=The plug-in “com.apple.dt.IDE.DVTKitDFRSupport” at path “/Applications/Xcode.app/Contents/PlugIns/DVTKitDFRSupport.ideplugin” could not be loaded.  The plug-in or one of its prerequisite plug-ins may be missing or damaged., NSUnderlyingError=0x7f8a860c39e0 {Error Domain=NSCocoaErrorDomain Code=3588 "dlopen(/Applications/Xcode.app/Contents/PlugIns/DVTKitDFRSupport.ideplugin/Contents/MacOS/DVTKitDFRSupport, 265): Symbol not found: _OBJC_IVAR_$_NSFont._fFlags
  Referenced from: /Applications/Xcode.app/Contents/Developer/usr/bin/../../../SharedFrameworks/DVTKit.framework/Versions/A/DVTKit
  Expected in: /System/Library/Frameworks/AppKit.framework/Versions/C/AppKit
 in /Applications/Xcode.app/Contents/Developer/usr/bin/../../../SharedFrameworks/DVTKit.framework/Versions/A/DVTKit" UserInfo={NSLocalizedFailureReason=The bundle couldn’t be loaded., NSLocalizedRecoverySuggestion=Try reinstalling the bundle., NSFilePath=/Applications/Xcode.app/Contents/PlugIns/DVTKitDFRSupport.ideplugin/Contents/MacOS/DVTKitDFRSupport, NSDebugDescription=dlopen(/Applications/Xcode.app/Contents/PlugIns/DVTKitDFRSupport.ideplugin/Contents/MacOS/DVTKitDFRSupport, 265): Symbol not found: _OBJC_IVAR_$_NSFont._fFlags
  Referenced from: /Applications/Xcode.app/Contents/Developer/usr/bin/../../../SharedFrameworks/DVTKit.framework/Versions/A/DVTKit
  Expected in: /System/Library/Frameworks/AppKit.framework/Versions/C/AppKit
 in /Applications/Xcode.app/Contents/Developer/usr/bin/../../../SharedFrameworks/DVTKit.framework/Versions/A/DVTKit, NSBundlePath=/Applications/Xcode.app/Contents/PlugIns/DVTKitDFRSupport.ideplugin, NSLocalizedDescription=The bundle “DVTKitDFRSupport” couldn’t be loaded.}}}
** INTERNAL ERROR: Uncaught exception **
Uncaught Exception: Error getting value for key 'initializationClass' of extension 'Xcode.DVTKitDFRSupport.Initializer' in plug-in 'com.apple.dt.IDE.DVTKitDFRSupport'
Stack:
  0   __exceptionPreprocess (in CoreFoundation)
  1   objc_exception_throw (in libobjc.A.dylib)
  2   -[DVTExtension valueForKey:error:] (in DVTFoundation)
  3   _IDEInitializeOnePlugInAndPrerequisites (in IDEFoundation)
  4   _IDEInitializePlugIns (in IDEFoundation)
  5   IDEInitialize (in IDEFoundation)
  6   -[Xcode3CommandLineBuildTool run] (in Xcode3Core)
  7  0x0000000103c31202 (in xcodebuild)
  8   start (in libdyld.dylib)

sh: line 1: 20319 Abort trap: 6           /Applications/Xcode.app/Contents/Developer/usr/bin/xcodebuild -sdk macosx -find git 2> /dev/null
git: error: unable to find utility "git", not a developer tool or in PATH

2019-10-23 14:31:58,688 [Thread-11] ERROR org.eclipse.jgit.util.FS - 2019-10-23 14:31:57.740 xcodebuild[20323:118781] [MT] DVTPlugInLoading: Failed to load code for plug-in com.apple.dt.IDE.DVTKitDFRSupport (/Applications/Xcode.app/Contents/PlugIns/DVTKitDFRSupport.ideplugin), error = Error Domain=NSCocoaErrorDomain Code=3588 "dlopen(/Applications/Xcode.app/Contents/PlugIns/DVTKitDFRSupport.ideplugin/Contents/MacOS/DVTKitDFRSupport, 265): Symbol not found: _OBJC_IVAR_$_NSFont._fFlags
  Referenced from: /Applications/Xcode.app/Contents/Developer/usr/bin/../../../SharedFrameworks/DVTKit.framework/Versions/A/DVTKit
  Expected in: /System/Library/Frameworks/AppKit.framework/Versions/C/AppKit
 in /Applications/Xcode.app/Contents/Developer/usr/bin/../../../SharedFrameworks/DVTKit.framework/Versions/A/DVTKit" UserInfo={NSLocalizedFailureReason=The bundle couldn’t be loaded., NSLocalizedRecoverySuggestion=Try reinstalling the bundle., NSFilePath=/Applications/Xcode.app/Contents/PlugIns/DVTKitDFRSupport.ideplugin/Contents/MacOS/DVTKitDFRSupport, NSDebugDescription=dlopen(/Applications/Xcode.app/Contents/PlugIns/DVTKitDFRSupport.ideplugin/Contents/MacOS/DVTKitDFRSupport, 265): Symbol not found: _OBJC_IVAR_$_NSFont._fFlags
  Referenced from: /Applications/Xcode.app/Contents/Developer/usr/bin/../../../SharedFrameworks/DVTKit.framework/Versions/A/DVTKit
  Expected in: /System/Library/Frameworks/AppKit.framework/Versions/C/AppKit
 in /Applications/Xcode.app/Contents/Developer/usr/bin/../../../SharedFrameworks/DVTKit.framework/Versions/A/DVTKit, NSBundlePath=/Applications/Xcode.app/Contents/PlugIns/DVTKitDFRSupport.ideplugin, NSLocalizedDescription=The bundle “DVTKitDFRSupport” couldn’t be loaded.}, dyldError = dlopen(/Applications/Xcode.app/Contents/PlugIns/DVTKitDFRSupport.ideplugin/Contents/MacOS/DVTKitDFRSupport, 0): Symbol not found: _OBJC_IVAR_$_NSFont._fFlags
  Referenced from: /Applications/Xcode.app/Contents/SharedFrameworks/DVTFoundation.framework/Versions/A/../../../DVTKit.framework/Versions/A/DVTKit
  Expected in: /System/Library/Frameworks/AppKit.framework/Versions/C/AppKit
 in /Applications/Xcode.app/Contents/SharedFrameworks/DVTFoundation.framework/Versions/A/../../../DVTKit.framework/Versions/A/DVTKit
2019-10-23 14:31:57.740 xcodebuild[20323:118781] [MT] DVTPlugInExtensionFaulting: Failed to fire fault for extension Xcode.DVTKitDFRSupport.Initializer: Error Domain=DVTPlugInErrorDomain Code=2 "Loading a plug-in failed." UserInfo={DVTPlugInIdentifierErrorKey=com.apple.dt.IDE.DVTKitDFRSupport, DVTPlugInExecutablePathErrorKey=/Applications/Xcode.app/Contents/PlugIns/DVTKitDFRSupport.ideplugin/Contents/MacOS/DVTKitDFRSupport, NSLocalizedRecoverySuggestion=The plug-in or one of its prerequisite plug-ins may be missing or damaged and may need to be reinstalled., DVTPlugInDYLDErrorMessageErrorKey=dlopen(/Applications/Xcode.app/Contents/PlugIns/DVTKitDFRSupport.ideplugin/Contents/MacOS/DVTKitDFRSupport, 0): Symbol not found: _OBJC_IVAR_$_NSFont._fFlags
  Referenced from: /Applications/Xcode.app/Contents/SharedFrameworks/DVTFoundation.framework/Versions/A/../../../DVTKit.framework/Versions/A/DVTKit
  Expected in: /System/Library/Frameworks/AppKit.framework/Versions/C/AppKit
 in /Applications/Xcode.app/Contents/SharedFrameworks/DVTFoundation.framework/Versions/A/../../../DVTKit.framework/Versions/A/DVTKit, NSLocalizedDescription=Loading a plug-in failed., NSFilePath=/Applications/Xcode.app/Contents/PlugIns/DVTKitDFRSupport.ideplugin, NSLocalizedFailureReason=The plug-in “com.apple.dt.IDE.DVTKitDFRSupport” at path “/Applications/Xcode.app/Contents/PlugIns/DVTKitDFRSupport.ideplugin” could not be loaded.  The plug-in or one of its prerequisite plug-ins may be missing or damaged., NSUnderlyingError=0x7f8ef127c620 {Error Domain=NSCocoaErrorDomain Code=3588 "dlopen(/Applications/Xcode.app/Contents/PlugIns/DVTKitDFRSupport.ideplugin/Contents/MacOS/DVTKitDFRSupport, 265): Symbol not found: _OBJC_IVAR_$_NSFont._fFlags
  Referenced from: /Applications/Xcode.app/Contents/Developer/usr/bin/../../../SharedFrameworks/DVTKit.framework/Versions/A/DVTKit
  Expected in: /System/Library/Frameworks/AppKit.framework/Versions/C/AppKit
 in /Applications/Xcode.app/Contents/Developer/usr/bin/../../../SharedFrameworks/DVTKit.framework/Versions/A/DVTKit" UserInfo={NSLocalizedFailureReason=The bundle couldn’t be loaded., NSLocalizedRecoverySuggestion=Try reinstalling the bundle., NSFilePath=/Applications/Xcode.app/Contents/PlugIns/DVTKitDFRSupport.ideplugin/Contents/MacOS/DVTKitDFRSupport, NSDebugDescription=dlopen(/Applications/Xcode.app/Contents/PlugIns/DVTKitDFRSupport.ideplugin/Contents/MacOS/DVTKitDFRSupport, 265): Symbol not found: _OBJC_IVAR_$_NSFont._fFlags
  Referenced from: /Applications/Xcode.app/Contents/Developer/usr/bin/../../../SharedFrameworks/DVTKit.framework/Versions/A/DVTKit
  Expected in: /System/Library/Frameworks/AppKit.framework/Versions/C/AppKit
 in /Applications/Xcode.app/Contents/Developer/usr/bin/../../../SharedFrameworks/DVTKit.framework/Versions/A/DVTKit, NSBundlePath=/Applications/Xcode.app/Contents/PlugIns/DVTKitDFRSupport.ideplugin, NSLocalizedDescription=The bundle “DVTKitDFRSupport” couldn’t be loaded.}}}
** INTERNAL ERROR: Uncaught exception **
Uncaught Exception: Error getting value for key 'initializationClass' of extension 'Xcode.DVTKitDFRSupport.Initializer' in plug-in 'com.apple.dt.IDE.DVTKitDFRSupport'
Stack:
  0   __exceptionPreprocess (in CoreFoundation)
  1   objc_exception_throw (in libobjc.A.dylib)
  2   -[DVTExtension valueForKey:error:] (in DVTFoundation)
  3   _IDEInitializeOnePlugInAndPrerequisites (in IDEFoundation)
  4   _IDEInitializePlugIns (in IDEFoundation)
  5   IDEInitialize (in IDEFoundation)
  6   -[Xcode3CommandLineBuildTool run] (in Xcode3Core)
  7  0x000000010a736202 (in xcodebuild)
  8   start (in libdyld.dylib)

sh: line 1: 20325 Abort trap: 6           /Applications/Xcode.app/Contents/Developer/usr/bin/xcodebuild -sdk macosx -find git 2> /dev/null
git: error: unable to find utility "git", not a developer tool or in PATH

2019-10-23 19:44:39,675 [Thread-7] ERROR org.eclipse.jgit.util.FS - 2019-10-23 19:44:38.841 xcodebuild[38268:269631] [MT] DVTPlugInLoading: Failed to load code for plug-in com.apple.dt.IDE.DVTKitDFRSupport (/Applications/Xcode.app/Contents/PlugIns/DVTKitDFRSupport.ideplugin), error = Error Domain=NSCocoaErrorDomain Code=3588 "dlopen(/Applications/Xcode.app/Contents/PlugIns/DVTKitDFRSupport.ideplugin/Contents/MacOS/DVTKitDFRSupport, 265): Symbol not found: _OBJC_IVAR_$_NSFont._fFlags
  Referenced from: /Applications/Xcode.app/Contents/Developer/usr/bin/../../../SharedFrameworks/DVTKit.framework/Versions/A/DVTKit
  Expected in: /System/Library/Frameworks/AppKit.framework/Versions/C/AppKit
 in /Applications/Xcode.app/Contents/Developer/usr/bin/../../../SharedFrameworks/DVTKit.framework/Versions/A/DVTKit" UserInfo={NSLocalizedFailureReason=The bundle couldn’t be loaded., NSLocalizedRecoverySuggestion=Try reinstalling the bundle., NSFilePath=/Applications/Xcode.app/Contents/PlugIns/DVTKitDFRSupport.ideplugin/Contents/MacOS/DVTKitDFRSupport, NSDebugDescription=dlopen(/Applications/Xcode.app/Contents/PlugIns/DVTKitDFRSupport.ideplugin/Contents/MacOS/DVTKitDFRSupport, 265): Symbol not found: _OBJC_IVAR_$_NSFont._fFlags
  Referenced from: /Applications/Xcode.app/Contents/Developer/usr/bin/../../../SharedFrameworks/DVTKit.framework/Versions/A/DVTKit
  Expected in: /System/Library/Frameworks/AppKit.framework/Versions/C/AppKit
 in /Applications/Xcode.app/Contents/Developer/usr/bin/../../../SharedFrameworks/DVTKit.framework/Versions/A/DVTKit, NSBundlePath=/Applications/Xcode.app/Contents/PlugIns/DVTKitDFRSupport.ideplugin, NSLocalizedDescription=The bundle “DVTKitDFRSupport” couldn’t be loaded.}, dyldError = dlopen(/Applications/Xcode.app/Contents/PlugIns/DVTKitDFRSupport.ideplugin/Contents/MacOS/DVTKitDFRSupport, 0): Symbol not found: _OBJC_IVAR_$_NSFont._fFlags
  Referenced from: /Applications/Xcode.app/Contents/SharedFrameworks/DVTFoundation.framework/Versions/A/../../../DVTKit.framework/Versions/A/DVTKit
  Expected in: /System/Library/Frameworks/AppKit.framework/Versions/C/AppKit
 in /Applications/Xcode.app/Contents/SharedFrameworks/DVTFoundation.framework/Versions/A/../../../DVTKit.framework/Versions/A/DVTKit
2019-10-23 19:44:38.842 xcodebuild[38268:269631] [MT] DVTPlugInExtensionFaulting: Failed to fire fault for extension Xcode.DVTKitDFRSupport.Initializer: Error Domain=DVTPlugInErrorDomain Code=2 "Loading a plug-in failed." UserInfo={DVTPlugInIdentifierErrorKey=com.apple.dt.IDE.DVTKitDFRSupport, DVTPlugInExecutablePathErrorKey=/Applications/Xcode.app/Contents/PlugIns/DVTKitDFRSupport.ideplugin/Contents/MacOS/DVTKitDFRSupport, NSLocalizedRecoverySuggestion=The plug-in or one of its prerequisite plug-ins may be missing or damaged and may need to be reinstalled., DVTPlugInDYLDErrorMessageErrorKey=dlopen(/Applications/Xcode.app/Contents/PlugIns/DVTKitDFRSupport.ideplugin/Contents/MacOS/DVTKitDFRSupport, 0): Symbol not found: _OBJC_IVAR_$_NSFont._fFlags
  Referenced from: /Applications/Xcode.app/Contents/SharedFrameworks/DVTFoundation.framework/Versions/A/../../../DVTKit.framework/Versions/A/DVTKit
  Expected in: /System/Library/Frameworks/AppKit.framework/Versions/C/AppKit
 in /Applications/Xcode.app/Contents/SharedFrameworks/DVTFoundation.framework/Versions/A/../../../DVTKit.framework/Versions/A/DVTKit, NSLocalizedDescription=Loading a plug-in failed., NSFilePath=/Applications/Xcode.app/Contents/PlugIns/DVTKitDFRSupport.ideplugin, NSLocalizedFailureReason=The plug-in “com.apple.dt.IDE.DVTKitDFRSupport” at path “/Applications/Xcode.app/Contents/PlugIns/DVTKitDFRSupport.ideplugin” could not be loaded.  The plug-in or one of its prerequisite plug-ins may be missing or damaged., NSUnderlyingError=0x7f84f8e072a0 {Error Domain=NSCocoaErrorDomain Code=3588 "dlopen(/Applications/Xcode.app/Contents/PlugIns/DVTKitDFRSupport.ideplugin/Contents/MacOS/DVTKitDFRSupport, 265): Symbol not found: _OBJC_IVAR_$_NSFont._fFlags
  Referenced from: /Applications/Xcode.app/Contents/Developer/usr/bin/../../../SharedFrameworks/DVTKit.framework/Versions/A/DVTKit
  Expected in: /System/Library/Frameworks/AppKit.framework/Versions/C/AppKit
 in /Applications/Xcode.app/Contents/Developer/usr/bin/../../../SharedFrameworks/DVTKit.framework/Versions/A/DVTKit" UserInfo={NSLocalizedFailureReason=The bundle couldn’t be loaded., NSLocalizedRecoverySuggestion=Try reinstalling the bundle., NSFilePath=/Applications/Xcode.app/Contents/PlugIns/DVTKitDFRSupport.ideplugin/Contents/MacOS/DVTKitDFRSupport, NSDebugDescription=dlopen(/Applications/Xcode.app/Contents/PlugIns/DVTKitDFRSupport.ideplugin/Contents/MacOS/DVTKitDFRSupport, 265): Symbol not found: _OBJC_IVAR_$_NSFont._fFlags
  Referenced from: /Applications/Xcode.app/Contents/Developer/usr/bin/../../../SharedFrameworks/DVTKit.framework/Versions/A/DVTKit
  Expected in: /System/Library/Frameworks/AppKit.framework/Versions/C/AppKit
 in /Applications/Xcode.app/Contents/Developer/usr/bin/../../../SharedFrameworks/DVTKit.framework/Versions/A/DVTKit, NSBundlePath=/Applications/Xcode.app/Contents/PlugIns/DVTKitDFRSupport.ideplugin, NSLocalizedDescription=The bundle “DVTKitDFRSupport” couldn’t be loaded.}}}
** INTERNAL ERROR: Uncaught exception **
Uncaught Exception: Error getting value for key 'initializationClass' of extension 'Xcode.DVTKitDFRSupport.Initializer' in plug-in 'com.apple.dt.IDE.DVTKitDFRSupport'
Stack:
  0   __exceptionPreprocess (in CoreFoundation)
  1   objc_exception_throw (in libobjc.A.dylib)
  2   -[DVTExtension valueForKey:error:] (in DVTFoundation)
  3   _IDEInitializeOnePlugInAndPrerequisites (in IDEFoundation)
  4   _IDEInitializePlugIns (in IDEFoundation)
  5   IDEInitialize (in IDEFoundation)
  6   -[Xcode3CommandLineBuildTool run] (in Xcode3Core)
  7  0x0000000100815202 (in xcodebuild)
  8   start (in libdyld.dylib)

sh: line 1: 38273 Abort trap: 6           /Applications/Xcode.app/Contents/Developer/usr/bin/xcodebuild -sdk macosx -find git 2> /dev/null
git: error: unable to find utility "git", not a developer tool or in PATH

2019-10-23 19:44:44,220 [Thread-9] ERROR org.eclipse.jgit.util.FS - 2019-10-23 19:44:42.599 xcodebuild[38275:269850] [MT] DVTPlugInLoading: Failed to load code for plug-in com.apple.dt.IDE.DVTKitDFRSupport (/Applications/Xcode.app/Contents/PlugIns/DVTKitDFRSupport.ideplugin), error = Error Domain=NSCocoaErrorDomain Code=3588 "dlopen(/Applications/Xcode.app/Contents/PlugIns/DVTKitDFRSupport.ideplugin/Contents/MacOS/DVTKitDFRSupport, 265): Symbol not found: _OBJC_IVAR_$_NSFont._fFlags
  Referenced from: /Applications/Xcode.app/Contents/Developer/usr/bin/../../../SharedFrameworks/DVTKit.framework/Versions/A/DVTKit
  Expected in: /System/Library/Frameworks/AppKit.framework/Versions/C/AppKit
 in /Applications/Xcode.app/Contents/Developer/usr/bin/../../../SharedFrameworks/DVTKit.framework/Versions/A/DVTKit" UserInfo={NSLocalizedFailureReason=The bundle couldn’t be loaded., NSLocalizedRecoverySuggestion=Try reinstalling the bundle., NSFilePath=/Applications/Xcode.app/Contents/PlugIns/DVTKitDFRSupport.ideplugin/Contents/MacOS/DVTKitDFRSupport, NSDebugDescription=dlopen(/Applications/Xcode.app/Contents/PlugIns/DVTKitDFRSupport.ideplugin/Contents/MacOS/DVTKitDFRSupport, 265): Symbol not found: _OBJC_IVAR_$_NSFont._fFlags
  Referenced from: /Applications/Xcode.app/Contents/Developer/usr/bin/../../../SharedFrameworks/DVTKit.framework/Versions/A/DVTKit
  Expected in: /System/Library/Frameworks/AppKit.framework/Versions/C/AppKit
 in /Applications/Xcode.app/Contents/Developer/usr/bin/../../../SharedFrameworks/DVTKit.framework/Versions/A/DVTKit, NSBundlePath=/Applications/Xcode.app/Contents/PlugIns/DVTKitDFRSupport.ideplugin, NSLocalizedDescription=The bundle “DVTKitDFRSupport” couldn’t be loaded.}, dyldError = dlopen(/Applications/Xcode.app/Contents/PlugIns/DVTKitDFRSupport.ideplugin/Contents/MacOS/DVTKitDFRSupport, 0): Symbol not found: _OBJC_IVAR_$_NSFont._fFlags
  Referenced from: /Applications/Xcode.app/Contents/SharedFrameworks/DVTFoundation.framework/Versions/A/../../../DVTKit.framework/Versions/A/DVTKit
  Expected in: /System/Library/Frameworks/AppKit.framework/Versions/C/AppKit
 in /Applications/Xcode.app/Contents/SharedFrameworks/DVTFoundation.framework/Versions/A/../../../DVTKit.framework/Versions/A/DVTKit
2019-10-23 19:44:42.599 xcodebuild[38275:269850] [MT] DVTPlugInExtensionFaulting: Failed to fire fault for extension Xcode.DVTKitDFRSupport.Initializer: Error Domain=DVTPlugInErrorDomain Code=2 "Loading a plug-in failed." UserInfo={DVTPlugInIdentifierErrorKey=com.apple.dt.IDE.DVTKitDFRSupport, DVTPlugInExecutablePathErrorKey=/Applications/Xcode.app/Contents/PlugIns/DVTKitDFRSupport.ideplugin/Contents/MacOS/DVTKitDFRSupport, NSLocalizedRecoverySuggestion=The plug-in or one of its prerequisite plug-ins may be missing or damaged and may need to be reinstalled., DVTPlugInDYLDErrorMessageErrorKey=dlopen(/Applications/Xcode.app/Contents/PlugIns/DVTKitDFRSupport.ideplugin/Contents/MacOS/DVTKitDFRSupport, 0): Symbol not found: _OBJC_IVAR_$_NSFont._fFlags
  Referenced from: /Applications/Xcode.app/Contents/SharedFrameworks/DVTFoundation.framework/Versions/A/../../../DVTKit.framework/Versions/A/DVTKit
  Expected in: /System/Library/Frameworks/AppKit.framework/Versions/C/AppKit
 in /Applications/Xcode.app/Contents/SharedFrameworks/DVTFoundation.framework/Versions/A/../../../DVTKit.framework/Versions/A/DVTKit, NSLocalizedDescription=Loading a plug-in failed., NSFilePath=/Applications/Xcode.app/Contents/PlugIns/DVTKitDFRSupport.ideplugin, NSLocalizedFailureReason=The plug-in “com.apple.dt.IDE.DVTKitDFRSupport” at path “/Applications/Xcode.app/Contents/PlugIns/DVTKitDFRSupport.ideplugin” could not be loaded.  The plug-in or one of its prerequisite plug-ins may be missing or damaged., NSUnderlyingError=0x7f99d6e0d920 {Error Domain=NSCocoaErrorDomain Code=3588 "dlopen(/Applications/Xcode.app/Contents/PlugIns/DVTKitDFRSupport.ideplugin/Contents/MacOS/DVTKitDFRSupport, 265): Symbol not found: _OBJC_IVAR_$_NSFont._fFlags
  Referenced from: /Applications/Xcode.app/Contents/Developer/usr/bin/../../../SharedFrameworks/DVTKit.framework/Versions/A/DVTKit
  Expected in: /System/Library/Frameworks/AppKit.framework/Versions/C/AppKit
 in /Applications/Xcode.app/Contents/Developer/usr/bin/../../../SharedFrameworks/DVTKit.framework/Versions/A/DVTKit" UserInfo={NSLocalizedFailureReason=The bundle couldn’t be loaded., NSLocalizedRecoverySuggestion=Try reinstalling the bundle., NSFilePath=/Applications/Xcode.app/Contents/PlugIns/DVTKitDFRSupport.ideplugin/Contents/MacOS/DVTKitDFRSupport, NSDebugDescription=dlopen(/Applications/Xcode.app/Contents/PlugIns/DVTKitDFRSupport.ideplugin/Contents/MacOS/DVTKitDFRSupport, 265): Symbol not found: _OBJC_IVAR_$_NSFont._fFlags
  Referenced from: /Applications/Xcode.app/Contents/Developer/usr/bin/../../../SharedFrameworks/DVTKit.framework/Versions/A/DVTKit
  Expected in: /System/Library/Frameworks/AppKit.framework/Versions/C/AppKit
 in /Applications/Xcode.app/Contents/Developer/usr/bin/../../../SharedFrameworks/DVTKit.framework/Versions/A/DVTKit, NSBundlePath=/Applications/Xcode.app/Contents/PlugIns/DVTKitDFRSupport.ideplugin, NSLocalizedDescription=The bundle “DVTKitDFRSupport” couldn’t be loaded.}}}
** INTERNAL ERROR: Uncaught exception **
Uncaught Exception: Error getting value for key 'initializationClass' of extension 'Xcode.DVTKitDFRSupport.Initializer' in plug-in 'com.apple.dt.IDE.DVTKitDFRSupport'
Stack:
  0   __exceptionPreprocess (in CoreFoundation)
  1   objc_exception_throw (in libobjc.A.dylib)
  2   -[DVTExtension valueForKey:error:] (in DVTFoundation)
  3   _IDEInitializeOnePlugInAndPrerequisites (in IDEFoundation)
  4   _IDEInitializePlugIns (in IDEFoundation)
  5   IDEInitialize (in IDEFoundation)
  6   -[Xcode3CommandLineBuildTool run] (in Xcode3Core)
  7  0x000000010c1ed202 (in xcodebuild)
  8   start (in libdyld.dylib)

sh: line 1: 38280 Abort trap: 6           /Applications/Xcode.app/Contents/Developer/usr/bin/xcodebuild -sdk macosx -find git 2> /dev/null
git: error: unable to find utility "git", not a developer tool or in PATH

2019-10-23 20:22:05,339 [Worker-12] WARN  o.e.r.models.ModelRepository - Failed to download org.eclipse.recommenders:index::zip:0.0.0
org.eclipse.aether.resolution.ArtifactResolutionException: Could not find artifact org.eclipse.recommenders:index:zip:0.0.0-SNAPSHOT in models (http://download.eclipse.org/recommenders/models/neon/)
	at org.eclipse.aether.internal.impl.DefaultArtifactResolver.resolve(DefaultArtifactResolver.java:444) ~[na:na]
	at org.eclipse.aether.internal.impl.DefaultArtifactResolver.resolveArtifacts(DefaultArtifactResolver.java:246) ~[na:na]
	at org.eclipse.aether.internal.impl.DefaultArtifactResolver.resolveArtifact(DefaultArtifactResolver.java:223) ~[na:na]
	at org.eclipse.aether.internal.impl.DefaultRepositorySystem.resolveArtifact(DefaultRepositorySystem.java:294) ~[na:na]
	at org.eclipse.recommenders.models.ModelRepository.resolveInternal(ModelRepository.java:193) [org.eclipse.recommenders.models_2.4.3.v20160913-0645.jar:na]
	at org.eclipse.recommenders.models.ModelRepository.resolve(ModelRepository.java:172) [org.eclipse.recommenders.models_2.4.3.v20160913-0645.jar:na]
	at org.eclipse.recommenders.internal.models.rcp.EclipseModelRepository.resolve(EclipseModelRepository.java:165) [org.eclipse.recommenders.models.rcp_2.4.3.v20160913-0645.jar:na]
	at org.eclipse.recommenders.internal.models.rcp.DownloadModelArchiveJob.run(DownloadModelArchiveJob.java:76) [org.eclipse.recommenders.models.rcp_2.4.3.v20160913-0645.jar:na]
	at org.eclipse.core.internal.jobs.Worker.run(Worker.java:55) [org.eclipse.core.jobs_3.8.0.v20160509-0411.jar:na]
Caused by: org.eclipse.aether.transfer.ArtifactNotFoundException: Could not find artifact org.eclipse.recommenders:index:zip:0.0.0-SNAPSHOT in models (http://download.eclipse.org/recommenders/models/neon/)
	at org.eclipse.aether.connector.basic.ArtifactTransportListener.transferFailed(ArtifactTransportListener.java:39) ~[org.eclipse.aether.connector.basic_1.0.1.v20141111.jar:na]
	at org.eclipse.aether.connector.basic.BasicRepositoryConnector$TaskRunner.run(BasicRepositoryConnector.java:355) ~[org.eclipse.aether.connector.basic_1.0.1.v20141111.jar:na]
	at org.eclipse.aether.util.concurrency.RunnableErrorForwarder$1.run(RunnableErrorForwarder.java:67) ~[na:na]
	at org.eclipse.aether.connector.basic.BasicRepositoryConnector$DirectExecutor.execute(BasicRepositoryConnector.java:581) ~[org.eclipse.aether.connector.basic_1.0.1.v20141111.jar:na]
	at org.eclipse.aether.connector.basic.BasicRepositoryConnector.get(BasicRepositoryConnector.java:249) ~[org.eclipse.aether.connector.basic_1.0.1.v20141111.jar:na]
	at org.eclipse.aether.internal.impl.DefaultArtifactResolver.performDownloads(DefaultArtifactResolver.java:520) ~[na:na]
	at org.eclipse.aether.internal.impl.DefaultArtifactResolver.resolve(DefaultArtifactResolver.java:421) ~[na:na]
	... 8 common frames omitted
2019-10-25 12:51:26,040 [Thread-8] ERROR org.eclipse.jgit.util.FS - 2019-10-25 12:51:25.492 xcodebuild[7741:789988] [MT] DVTPlugInLoading: Failed to load code for plug-in com.apple.dt.IDE.DVTKitDFRSupport (/Applications/Xcode.app/Contents/PlugIns/DVTKitDFRSupport.ideplugin), error = Error Domain=NSCocoaErrorDomain Code=3588 "dlopen(/Applications/Xcode.app/Contents/PlugIns/DVTKitDFRSupport.ideplugin/Contents/MacOS/DVTKitDFRSupport, 265): Symbol not found: _OBJC_IVAR_$_NSFont._fFlags
  Referenced from: /Applications/Xcode.app/Contents/Developer/usr/bin/../../../SharedFrameworks/DVTKit.framework/Versions/A/DVTKit
  Expected in: /System/Library/Frameworks/AppKit.framework/Versions/C/AppKit
 in /Applications/Xcode.app/Contents/Developer/usr/bin/../../../SharedFrameworks/DVTKit.framework/Versions/A/DVTKit" UserInfo={NSLocalizedFailureReason=The bundle couldn’t be loaded., NSLocalizedRecoverySuggestion=Try reinstalling the bundle., NSFilePath=/Applications/Xcode.app/Contents/PlugIns/DVTKitDFRSupport.ideplugin/Contents/MacOS/DVTKitDFRSupport, NSDebugDescription=dlopen(/Applications/Xcode.app/Contents/PlugIns/DVTKitDFRSupport.ideplugin/Contents/MacOS/DVTKitDFRSupport, 265): Symbol not found: _OBJC_IVAR_$_NSFont._fFlags
  Referenced from: /Applications/Xcode.app/Contents/Developer/usr/bin/../../../SharedFrameworks/DVTKit.framework/Versions/A/DVTKit
  Expected in: /System/Library/Frameworks/AppKit.framework/Versions/C/AppKit
 in /Applications/Xcode.app/Contents/Developer/usr/bin/../../../SharedFrameworks/DVTKit.framework/Versions/A/DVTKit, NSBundlePath=/Applications/Xcode.app/Contents/PlugIns/DVTKitDFRSupport.ideplugin, NSLocalizedDescription=The bundle “DVTKitDFRSupport” couldn’t be loaded.}, dyldError = dlopen(/Applications/Xcode.app/Contents/PlugIns/DVTKitDFRSupport.ideplugin/Contents/MacOS/DVTKitDFRSupport, 0): Symbol not found: _OBJC_IVAR_$_NSFont._fFlags
  Referenced from: /Applications/Xcode.app/Contents/SharedFrameworks/DVTFoundation.framework/Versions/A/../../../DVTKit.framework/Versions/A/DVTKit
  Expected in: /System/Library/Frameworks/AppKit.framework/Versions/C/AppKit
 in /Applications/Xcode.app/Contents/SharedFrameworks/DVTFoundation.framework/Versions/A/../../../DVTKit.framework/Versions/A/DVTKit
2019-10-25 12:51:25.492 xcodebuild[7741:789988] [MT] DVTPlugInExtensionFaulting: Failed to fire fault for extension Xcode.DVTKitDFRSupport.Initializer: Error Domain=DVTPlugInErrorDomain Code=2 "Loading a plug-in failed." UserInfo={DVTPlugInIdentifierErrorKey=com.apple.dt.IDE.DVTKitDFRSupport, DVTPlugInExecutablePathErrorKey=/Applications/Xcode.app/Contents/PlugIns/DVTKitDFRSupport.ideplugin/Contents/MacOS/DVTKitDFRSupport, NSLocalizedRecoverySuggestion=The plug-in or one of its prerequisite plug-ins may be missing or damaged and may need to be reinstalled., DVTPlugInDYLDErrorMessageErrorKey=dlopen(/Applications/Xcode.app/Contents/PlugIns/DVTKitDFRSupport.ideplugin/Contents/MacOS/DVTKitDFRSupport, 0): Symbol not found: _OBJC_IVAR_$_NSFont._fFlags
  Referenced from: /Applications/Xcode.app/Contents/SharedFrameworks/DVTFoundation.framework/Versions/A/../../../DVTKit.framework/Versions/A/DVTKit
  Expected in: /System/Library/Frameworks/AppKit.framework/Versions/C/AppKit
 in /Applications/Xcode.app/Contents/SharedFrameworks/DVTFoundation.framework/Versions/A/../../../DVTKit.framework/Versions/A/DVTKit, NSLocalizedDescription=Loading a plug-in failed., NSFilePath=/Applications/Xcode.app/Contents/PlugIns/DVTKitDFRSupport.ideplugin, NSLocalizedFailureReason=The plug-in “com.apple.dt.IDE.DVTKitDFRSupport” at path “/Applications/Xcode.app/Contents/PlugIns/DVTKitDFRSupport.ideplugin” could not be loaded.  The plug-in or one of its prerequisite plug-ins may be missing or damaged., NSUnderlyingError=0x7fbe3cd2d7e0 {Error Domain=NSCocoaErrorDomain Code=3588 "dlopen(/Applications/Xcode.app/Contents/PlugIns/DVTKitDFRSupport.ideplugin/Contents/MacOS/DVTKitDFRSupport, 265): Symbol not found: _OBJC_IVAR_$_NSFont._fFlags
  Referenced from: /Applications/Xcode.app/Contents/Developer/usr/bin/../../../SharedFrameworks/DVTKit.framework/Versions/A/DVTKit
  Expected in: /System/Library/Frameworks/AppKit.framework/Versions/C/AppKit
 in /Applications/Xcode.app/Contents/Developer/usr/bin/../../../SharedFrameworks/DVTKit.framework/Versions/A/DVTKit" UserInfo={NSLocalizedFailureReason=The bundle couldn’t be loaded., NSLocalizedRecoverySuggestion=Try reinstalling the bundle., NSFilePath=/Applications/Xcode.app/Contents/PlugIns/DVTKitDFRSupport.ideplugin/Contents/MacOS/DVTKitDFRSupport, NSDebugDescription=dlopen(/Applications/Xcode.app/Contents/PlugIns/DVTKitDFRSupport.ideplugin/Contents/MacOS/DVTKitDFRSupport, 265): Symbol not found: _OBJC_IVAR_$_NSFont._fFlags
  Referenced from: /Applications/Xcode.app/Contents/Developer/usr/bin/../../../SharedFrameworks/DVTKit.framework/Versions/A/DVTKit
  Expected in: /System/Library/Frameworks/AppKit.framework/Versions/C/AppKit
 in /Applications/Xcode.app/Contents/Developer/usr/bin/../../../SharedFrameworks/DVTKit.framework/Versions/A/DVTKit, NSBundlePath=/Applications/Xcode.app/Contents/PlugIns/DVTKitDFRSupport.ideplugin, NSLocalizedDescription=The bundle “DVTKitDFRSupport” couldn’t be loaded.}}}
** INTERNAL ERROR: Uncaught exception **
Uncaught Exception: Error getting value for key 'initializationClass' of extension 'Xcode.DVTKitDFRSupport.Initializer' in plug-in 'com.apple.dt.IDE.DVTKitDFRSupport'
Stack:
  0   __exceptionPreprocess (in CoreFoundation)
  1   objc_exception_throw (in libobjc.A.dylib)
  2   -[DVTExtension valueForKey:error:] (in DVTFoundation)
  3   _IDEInitializeOnePlugInAndPrerequisites (in IDEFoundation)
  4   _IDEInitializePlugIns (in IDEFoundation)
  5   IDEInitialize (in IDEFoundation)
  6   -[Xcode3CommandLineBuildTool run] (in Xcode3Core)
  7  0x0000000105567202 (in xcodebuild)
  8   start (in libdyld.dylib)

sh: line 1:  7747 Abort trap: 6           /Applications/Xcode.app/Contents/Developer/usr/bin/xcodebuild -sdk macosx -find git 2> /dev/null
git: error: unable to find utility "git", not a developer tool or in PATH

2019-10-25 12:51:27,096 [Thread-10] ERROR org.eclipse.jgit.util.FS - 2019-10-25 12:51:26.594 xcodebuild[7749:790388] [MT] DVTPlugInLoading: Failed to load code for plug-in com.apple.dt.IDE.DVTKitDFRSupport (/Applications/Xcode.app/Contents/PlugIns/DVTKitDFRSupport.ideplugin), error = Error Domain=NSCocoaErrorDomain Code=3588 "dlopen(/Applications/Xcode.app/Contents/PlugIns/DVTKitDFRSupport.ideplugin/Contents/MacOS/DVTKitDFRSupport, 265): Symbol not found: _OBJC_IVAR_$_NSFont._fFlags
  Referenced from: /Applications/Xcode.app/Contents/Developer/usr/bin/../../../SharedFrameworks/DVTKit.framework/Versions/A/DVTKit
  Expected in: /System/Library/Frameworks/AppKit.framework/Versions/C/AppKit
 in /Applications/Xcode.app/Contents/Developer/usr/bin/../../../SharedFrameworks/DVTKit.framework/Versions/A/DVTKit" UserInfo={NSLocalizedFailureReason=The bundle couldn’t be loaded., NSLocalizedRecoverySuggestion=Try reinstalling the bundle., NSFilePath=/Applications/Xcode.app/Contents/PlugIns/DVTKitDFRSupport.ideplugin/Contents/MacOS/DVTKitDFRSupport, NSDebugDescription=dlopen(/Applications/Xcode.app/Contents/PlugIns/DVTKitDFRSupport.ideplugin/Contents/MacOS/DVTKitDFRSupport, 265): Symbol not found: _OBJC_IVAR_$_NSFont._fFlags
  Referenced from: /Applications/Xcode.app/Contents/Developer/usr/bin/../../../SharedFrameworks/DVTKit.framework/Versions/A/DVTKit
  Expected in: /System/Library/Frameworks/AppKit.framework/Versions/C/AppKit
 in /Applications/Xcode.app/Contents/Developer/usr/bin/../../../SharedFrameworks/DVTKit.framework/Versions/A/DVTKit, NSBundlePath=/Applications/Xcode.app/Contents/PlugIns/DVTKitDFRSupport.ideplugin, NSLocalizedDescription=The bundle “DVTKitDFRSupport” couldn’t be loaded.}, dyldError = dlopen(/Applications/Xcode.app/Contents/PlugIns/DVTKitDFRSupport.ideplugin/Contents/MacOS/DVTKitDFRSupport, 0): Symbol not found: _OBJC_IVAR_$_NSFont._fFlags
  Referenced from: /Applications/Xcode.app/Contents/SharedFrameworks/DVTFoundation.framework/Versions/A/../../../DVTKit.framework/Versions/A/DVTKit
  Expected in: /System/Library/Frameworks/AppKit.framework/Versions/C/AppKit
 in /Applications/Xcode.app/Contents/SharedFrameworks/DVTFoundation.framework/Versions/A/../../../DVTKit.framework/Versions/A/DVTKit
2019-10-25 12:51:26.594 xcodebuild[7749:790388] [MT] DVTPlugInExtensionFaulting: Failed to fire fault for extension Xcode.DVTKitDFRSupport.Initializer: Error Domain=DVTPlugInErrorDomain Code=2 "Loading a plug-in failed." UserInfo={DVTPlugInIdentifierErrorKey=com.apple.dt.IDE.DVTKitDFRSupport, DVTPlugInExecutablePathErrorKey=/Applications/Xcode.app/Contents/PlugIns/DVTKitDFRSupport.ideplugin/Contents/MacOS/DVTKitDFRSupport, NSLocalizedRecoverySuggestion=The plug-in or one of its prerequisite plug-ins may be missing or damaged and may need to be reinstalled., DVTPlugInDYLDErrorMessageErrorKey=dlopen(/Applications/Xcode.app/Contents/PlugIns/DVTKitDFRSupport.ideplugin/Contents/MacOS/DVTKitDFRSupport, 0): Symbol not found: _OBJC_IVAR_$_NSFont._fFlags
  Referenced from: /Applications/Xcode.app/Contents/SharedFrameworks/DVTFoundation.framework/Versions/A/../../../DVTKit.framework/Versions/A/DVTKit
  Expected in: /System/Library/Frameworks/AppKit.framework/Versions/C/AppKit
 in /Applications/Xcode.app/Contents/SharedFrameworks/DVTFoundation.framework/Versions/A/../../../DVTKit.framework/Versions/A/DVTKit, NSLocalizedDescription=Loading a plug-in failed., NSFilePath=/Applications/Xcode.app/Contents/PlugIns/DVTKitDFRSupport.ideplugin, NSLocalizedFailureReason=The plug-in “com.apple.dt.IDE.DVTKitDFRSupport” at path “/Applications/Xcode.app/Contents/PlugIns/DVTKitDFRSupport.ideplugin” could not be loaded.  The plug-in or one of its prerequisite plug-ins may be missing or damaged., NSUnderlyingError=0x7fa33e476f20 {Error Domain=NSCocoaErrorDomain Code=3588 "dlopen(/Applications/Xcode.app/Contents/PlugIns/DVTKitDFRSupport.ideplugin/Contents/MacOS/DVTKitDFRSupport, 265): Symbol not found: _OBJC_IVAR_$_NSFont._fFlags
  Referenced from: /Applications/Xcode.app/Contents/Developer/usr/bin/../../../SharedFrameworks/DVTKit.framework/Versions/A/DVTKit
  Expected in: /System/Library/Frameworks/AppKit.framework/Versions/C/AppKit
 in /Applications/Xcode.app/Contents/Developer/usr/bin/../../../SharedFrameworks/DVTKit.framework/Versions/A/DVTKit" UserInfo={NSLocalizedFailureReason=The bundle couldn’t be loaded., NSLocalizedRecoverySuggestion=Try reinstalling the bundle., NSFilePath=/Applications/Xcode.app/Contents/PlugIns/DVTKitDFRSupport.ideplugin/Contents/MacOS/DVTKitDFRSupport, NSDebugDescription=dlopen(/Applications/Xcode.app/Contents/PlugIns/DVTKitDFRSupport.ideplugin/Contents/MacOS/DVTKitDFRSupport, 265): Symbol not found: _OBJC_IVAR_$_NSFont._fFlags
  Referenced from: /Applications/Xcode.app/Contents/Developer/usr/bin/../../../SharedFrameworks/DVTKit.framework/Versions/A/DVTKit
  Expected in: /System/Library/Frameworks/AppKit.framework/Versions/C/AppKit
 in /Applications/Xcode.app/Contents/Developer/usr/bin/../../../SharedFrameworks/DVTKit.framework/Versions/A/DVTKit, NSBundlePath=/Applications/Xcode.app/Contents/PlugIns/DVTKitDFRSupport.ideplugin, NSLocalizedDescription=The bundle “DVTKitDFRSupport” couldn’t be loaded.}}}
** INTERNAL ERROR: Uncaught exception **
Uncaught Exception: Error getting value for key 'initializationClass' of extension 'Xcode.DVTKitDFRSupport.Initializer' in plug-in 'com.apple.dt.IDE.DVTKitDFRSupport'
Stack:
  0   __exceptionPreprocess (in CoreFoundation)
  1   objc_exception_throw (in libobjc.A.dylib)
  2   -[DVTExtension valueForKey:error:] (in DVTFoundation)
  3   _IDEInitializeOnePlugInAndPrerequisites (in IDEFoundation)
  4   _IDEInitializePlugIns (in IDEFoundation)
  5   IDEInitialize (in IDEFoundation)
  6   -[Xcode3CommandLineBuildTool run] (in Xcode3Core)
  7  0x0000000100a9f202 (in xcodebuild)
  8   start (in libdyld.dylib)

sh: line 1:  7752 Abort trap: 6           /Applications/Xcode.app/Contents/Developer/usr/bin/xcodebuild -sdk macosx -find git 2> /dev/null
git: error: unable to find utility "git", not a developer tool or in PATH

2019-10-25 13:19:13,713 [Worker-23] WARN  o.e.r.models.ModelRepository - Failed to download org.eclipse.recommenders:index::zip:0.0.0
org.eclipse.aether.resolution.ArtifactResolutionException: Could not find artifact org.eclipse.recommenders:index:zip:0.0.0-SNAPSHOT in models (http://download.eclipse.org/recommenders/models/neon/)
	at org.eclipse.aether.internal.impl.DefaultArtifactResolver.resolve(DefaultArtifactResolver.java:444) ~[na:na]
	at org.eclipse.aether.internal.impl.DefaultArtifactResolver.resolveArtifacts(DefaultArtifactResolver.java:246) ~[na:na]
	at org.eclipse.aether.internal.impl.DefaultArtifactResolver.resolveArtifact(DefaultArtifactResolver.java:223) ~[na:na]
	at org.eclipse.aether.internal.impl.DefaultRepositorySystem.resolveArtifact(DefaultRepositorySystem.java:294) ~[na:na]
	at org.eclipse.recommenders.models.ModelRepository.resolveInternal(ModelRepository.java:193) [org.eclipse.recommenders.models_2.4.3.v20160913-0645.jar:na]
	at org.eclipse.recommenders.models.ModelRepository.resolve(ModelRepository.java:172) [org.eclipse.recommenders.models_2.4.3.v20160913-0645.jar:na]
	at org.eclipse.recommenders.internal.models.rcp.EclipseModelRepository.resolve(EclipseModelRepository.java:165) [org.eclipse.recommenders.models.rcp_2.4.3.v20160913-0645.jar:na]
	at org.eclipse.recommenders.internal.models.rcp.DownloadModelArchiveJob.run(DownloadModelArchiveJob.java:76) [org.eclipse.recommenders.models.rcp_2.4.3.v20160913-0645.jar:na]
	at org.eclipse.core.internal.jobs.Worker.run(Worker.java:55) [org.eclipse.core.jobs_3.8.0.v20160509-0411.jar:na]
Caused by: org.eclipse.aether.transfer.ArtifactNotFoundException: Could not find artifact org.eclipse.recommenders:index:zip:0.0.0-SNAPSHOT in models (http://download.eclipse.org/recommenders/models/neon/)
	at org.eclipse.aether.connector.basic.ArtifactTransportListener.transferFailed(ArtifactTransportListener.java:39) ~[org.eclipse.aether.connector.basic_1.0.1.v20141111.jar:na]
	at org.eclipse.aether.connector.basic.BasicRepositoryConnector$TaskRunner.run(BasicRepositoryConnector.java:355) ~[org.eclipse.aether.connector.basic_1.0.1.v20141111.jar:na]
	at org.eclipse.aether.util.concurrency.RunnableErrorForwarder$1.run(RunnableErrorForwarder.java:67) ~[na:na]
	at org.eclipse.aether.connector.basic.BasicRepositoryConnector$DirectExecutor.execute(BasicRepositoryConnector.java:581) ~[org.eclipse.aether.connector.basic_1.0.1.v20141111.jar:na]
	at org.eclipse.aether.connector.basic.BasicRepositoryConnector.get(BasicRepositoryConnector.java:249) ~[org.eclipse.aether.connector.basic_1.0.1.v20141111.jar:na]
	at org.eclipse.aether.internal.impl.DefaultArtifactResolver.performDownloads(DefaultArtifactResolver.java:520) ~[na:na]
	at org.eclipse.aether.internal.impl.DefaultArtifactResolver.resolve(DefaultArtifactResolver.java:421) ~[na:na]
	... 8 common frames omitted
2019-10-28 17:02:54,621 [Thread-7] ERROR org.eclipse.jgit.util.FS - 2019-10-28 17:02:53.266 xcodebuild[63010:1248364] [MT] DVTPlugInLoading: Failed to load code for plug-in com.apple.dt.IDE.DVTKitDFRSupport (/Applications/Xcode.app/Contents/PlugIns/DVTKitDFRSupport.ideplugin), error = Error Domain=NSCocoaErrorDomain Code=3588 "dlopen(/Applications/Xcode.app/Contents/PlugIns/DVTKitDFRSupport.ideplugin/Contents/MacOS/DVTKitDFRSupport, 265): Symbol not found: _OBJC_IVAR_$_NSFont._fFlags
  Referenced from: /Applications/Xcode.app/Contents/Developer/usr/bin/../../../SharedFrameworks/DVTKit.framework/Versions/A/DVTKit
  Expected in: /System/Library/Frameworks/AppKit.framework/Versions/C/AppKit
 in /Applications/Xcode.app/Contents/Developer/usr/bin/../../../SharedFrameworks/DVTKit.framework/Versions/A/DVTKit" UserInfo={NSLocalizedFailureReason=The bundle couldn’t be loaded., NSLocalizedRecoverySuggestion=Try reinstalling the bundle., NSFilePath=/Applications/Xcode.app/Contents/PlugIns/DVTKitDFRSupport.ideplugin/Contents/MacOS/DVTKitDFRSupport, NSDebugDescription=dlopen(/Applications/Xcode.app/Contents/PlugIns/DVTKitDFRSupport.ideplugin/Contents/MacOS/DVTKitDFRSupport, 265): Symbol not found: _OBJC_IVAR_$_NSFont._fFlags
  Referenced from: /Applications/Xcode.app/Contents/Developer/usr/bin/../../../SharedFrameworks/DVTKit.framework/Versions/A/DVTKit
  Expected in: /System/Library/Frameworks/AppKit.framework/Versions/C/AppKit
 in /Applications/Xcode.app/Contents/Developer/usr/bin/../../../SharedFrameworks/DVTKit.framework/Versions/A/DVTKit, NSBundlePath=/Applications/Xcode.app/Contents/PlugIns/DVTKitDFRSupport.ideplugin, NSLocalizedDescription=The bundle “DVTKitDFRSupport” couldn’t be loaded.}, dyldError = dlopen(/Applications/Xcode.app/Contents/PlugIns/DVTKitDFRSupport.ideplugin/Contents/MacOS/DVTKitDFRSupport, 0): Symbol not found: _OBJC_IVAR_$_NSFont._fFlags
  Referenced from: /Applications/Xcode.app/Contents/SharedFrameworks/DVTFoundation.framework/Versions/A/../../../DVTKit.framework/Versions/A/DVTKit
  Expected in: /System/Library/Frameworks/AppKit.framework/Versions/C/AppKit
 in /Applications/Xcode.app/Contents/SharedFrameworks/DVTFoundation.framework/Versions/A/../../../DVTKit.framework/Versions/A/DVTKit
2019-10-28 17:02:53.267 xcodebuild[63010:1248364] [MT] DVTPlugInExtensionFaulting: Failed to fire fault for extension Xcode.DVTKitDFRSupport.Initializer: Error Domain=DVTPlugInErrorDomain Code=2 "Loading a plug-in failed." UserInfo={DVTPlugInIdentifierErrorKey=com.apple.dt.IDE.DVTKitDFRSupport, DVTPlugInExecutablePathErrorKey=/Applications/Xcode.app/Contents/PlugIns/DVTKitDFRSupport.ideplugin/Contents/MacOS/DVTKitDFRSupport, NSLocalizedRecoverySuggestion=The plug-in or one of its prerequisite plug-ins may be missing or damaged and may need to be reinstalled., DVTPlugInDYLDErrorMessageErrorKey=dlopen(/Applications/Xcode.app/Contents/PlugIns/DVTKitDFRSupport.ideplugin/Contents/MacOS/DVTKitDFRSupport, 0): Symbol not found: _OBJC_IVAR_$_NSFont._fFlags
  Referenced from: /Applications/Xcode.app/Contents/SharedFrameworks/DVTFoundation.framework/Versions/A/../../../DVTKit.framework/Versions/A/DVTKit
  Expected in: /System/Library/Frameworks/AppKit.framework/Versions/C/AppKit
 in /Applications/Xcode.app/Contents/SharedFrameworks/DVTFoundation.framework/Versions/A/../../../DVTKit.framework/Versions/A/DVTKit, NSLocalizedDescription=Loading a plug-in failed., NSFilePath=/Applications/Xcode.app/Contents/PlugIns/DVTKitDFRSupport.ideplugin, NSLocalizedFailureReason=The plug-in “com.apple.dt.IDE.DVTKitDFRSupport” at path “/Applications/Xcode.app/Contents/PlugIns/DVTKitDFRSupport.ideplugin” could not be loaded.  The plug-in or one of its prerequisite plug-ins may be missing or damaged., NSUnderlyingError=0x7fe62ca5dad0 {Error Domain=NSCocoaErrorDomain Code=3588 "dlopen(/Applications/Xcode.app/Contents/PlugIns/DVTKitDFRSupport.ideplugin/Contents/MacOS/DVTKitDFRSupport, 265): Symbol not found: _OBJC_IVAR_$_NSFont._fFlags
  Referenced from: /Applications/Xcode.app/Contents/Developer/usr/bin/../../../SharedFrameworks/DVTKit.framework/Versions/A/DVTKit
  Expected in: /System/Library/Frameworks/AppKit.framework/Versions/C/AppKit
 in /Applications/Xcode.app/Contents/Developer/usr/bin/../../../SharedFrameworks/DVTKit.framework/Versions/A/DVTKit" UserInfo={NSLocalizedFailureReason=The bundle couldn’t be loaded., NSLocalizedRecoverySuggestion=Try reinstalling the bundle., NSFilePath=/Applications/Xcode.app/Contents/PlugIns/DVTKitDFRSupport.ideplugin/Contents/MacOS/DVTKitDFRSupport, NSDebugDescription=dlopen(/Applications/Xcode.app/Contents/PlugIns/DVTKitDFRSupport.ideplugin/Contents/MacOS/DVTKitDFRSupport, 265): Symbol not found: _OBJC_IVAR_$_NSFont._fFlags
  Referenced from: /Applications/Xcode.app/Contents/Developer/usr/bin/../../../SharedFrameworks/DVTKit.framework/Versions/A/DVTKit
  Expected in: /System/Library/Frameworks/AppKit.framework/Versions/C/AppKit
 in /Applications/Xcode.app/Contents/Developer/usr/bin/../../../SharedFrameworks/DVTKit.framework/Versions/A/DVTKit, NSBundlePath=/Applications/Xcode.app/Contents/PlugIns/DVTKitDFRSupport.ideplugin, NSLocalizedDescription=The bundle “DVTKitDFRSupport” couldn’t be loaded.}}}
** INTERNAL ERROR: Uncaught exception **
Uncaught Exception: Error getting value for key 'initializationClass' of extension 'Xcode.DVTKitDFRSupport.Initializer' in plug-in 'com.apple.dt.IDE.DVTKitDFRSupport'
Stack:
  0   __exceptionPreprocess (in CoreFoundation)
  1   objc_exception_throw (in libobjc.A.dylib)
  2   -[DVTExtension valueForKey:error:] (in DVTFoundation)
  3   _IDEInitializeOnePlugInAndPrerequisites (in IDEFoundation)
  4   _IDEInitializePlugIns (in IDEFoundation)
  5   IDEInitialize (in IDEFoundation)
  6   -[Xcode3CommandLineBuildTool run] (in Xcode3Core)
  7  0x000000010a085202 (in xcodebuild)
  8   start (in libdyld.dylib)

sh: line 1: 63014 Abort trap: 6           /Applications/Xcode.app/Contents/Developer/usr/bin/xcodebuild -sdk macosx -find git 2> /dev/null
git: error: unable to find utility "git", not a developer tool or in PATH

2019-10-28 17:02:55,810 [Thread-9] ERROR org.eclipse.jgit.util.FS - 2019-10-28 17:02:55.327 xcodebuild[63017:1248622] [MT] DVTPlugInLoading: Failed to load code for plug-in com.apple.dt.IDE.DVTKitDFRSupport (/Applications/Xcode.app/Contents/PlugIns/DVTKitDFRSupport.ideplugin), error = Error Domain=NSCocoaErrorDomain Code=3588 "dlopen(/Applications/Xcode.app/Contents/PlugIns/DVTKitDFRSupport.ideplugin/Contents/MacOS/DVTKitDFRSupport, 265): Symbol not found: _OBJC_IVAR_$_NSFont._fFlags
  Referenced from: /Applications/Xcode.app/Contents/Developer/usr/bin/../../../SharedFrameworks/DVTKit.framework/Versions/A/DVTKit
  Expected in: /System/Library/Frameworks/AppKit.framework/Versions/C/AppKit
 in /Applications/Xcode.app/Contents/Developer/usr/bin/../../../SharedFrameworks/DVTKit.framework/Versions/A/DVTKit" UserInfo={NSLocalizedFailureReason=The bundle couldn’t be loaded., NSLocalizedRecoverySuggestion=Try reinstalling the bundle., NSFilePath=/Applications/Xcode.app/Contents/PlugIns/DVTKitDFRSupport.ideplugin/Contents/MacOS/DVTKitDFRSupport, NSDebugDescription=dlopen(/Applications/Xcode.app/Contents/PlugIns/DVTKitDFRSupport.ideplugin/Contents/MacOS/DVTKitDFRSupport, 265): Symbol not found: _OBJC_IVAR_$_NSFont._fFlags
  Referenced from: /Applications/Xcode.app/Contents/Developer/usr/bin/../../../SharedFrameworks/DVTKit.framework/Versions/A/DVTKit
  Expected in: /System/Library/Frameworks/AppKit.framework/Versions/C/AppKit
 in /Applications/Xcode.app/Contents/Developer/usr/bin/../../../SharedFrameworks/DVTKit.framework/Versions/A/DVTKit, NSBundlePath=/Applications/Xcode.app/Contents/PlugIns/DVTKitDFRSupport.ideplugin, NSLocalizedDescription=The bundle “DVTKitDFRSupport” couldn’t be loaded.}, dyldError = dlopen(/Applications/Xcode.app/Contents/PlugIns/DVTKitDFRSupport.ideplugin/Contents/MacOS/DVTKitDFRSupport, 0): Symbol not found: _OBJC_IVAR_$_NSFont._fFlags
  Referenced from: /Applications/Xcode.app/Contents/SharedFrameworks/DVTFoundation.framework/Versions/A/../../../DVTKit.framework/Versions/A/DVTKit
  Expected in: /System/Library/Frameworks/AppKit.framework/Versions/C/AppKit
 in /Applications/Xcode.app/Contents/SharedFrameworks/DVTFoundation.framework/Versions/A/../../../DVTKit.framework/Versions/A/DVTKit
2019-10-28 17:02:55.328 xcodebuild[63017:1248622] [MT] DVTPlugInExtensionFaulting: Failed to fire fault for extension Xcode.DVTKitDFRSupport.Initializer: Error Domain=DVTPlugInErrorDomain Code=2 "Loading a plug-in failed." UserInfo={DVTPlugInIdentifierErrorKey=com.apple.dt.IDE.DVTKitDFRSupport, DVTPlugInExecutablePathErrorKey=/Applications/Xcode.app/Contents/PlugIns/DVTKitDFRSupport.ideplugin/Contents/MacOS/DVTKitDFRSupport, NSLocalizedRecoverySuggestion=The plug-in or one of its prerequisite plug-ins may be missing or damaged and may need to be reinstalled., DVTPlugInDYLDErrorMessageErrorKey=dlopen(/Applications/Xcode.app/Contents/PlugIns/DVTKitDFRSupport.ideplugin/Contents/MacOS/DVTKitDFRSupport, 0): Symbol not found: _OBJC_IVAR_$_NSFont._fFlags
  Referenced from: /Applications/Xcode.app/Contents/SharedFrameworks/DVTFoundation.framework/Versions/A/../../../DVTKit.framework/Versions/A/DVTKit
  Expected in: /System/Library/Frameworks/AppKit.framework/Versions/C/AppKit
 in /Applications/Xcode.app/Contents/SharedFrameworks/DVTFoundation.framework/Versions/A/../../../DVTKit.framework/Versions/A/DVTKit, NSLocalizedDescription=Loading a plug-in failed., NSFilePath=/Applications/Xcode.app/Contents/PlugIns/DVTKitDFRSupport.ideplugin, NSLocalizedFailureReason=The plug-in “com.apple.dt.IDE.DVTKitDFRSupport” at path “/Applications/Xcode.app/Contents/PlugIns/DVTKitDFRSupport.ideplugin” could not be loaded.  The plug-in or one of its prerequisite plug-ins may be missing or damaged., NSUnderlyingError=0x7fa38cbe6940 {Error Domain=NSCocoaErrorDomain Code=3588 "dlopen(/Applications/Xcode.app/Contents/PlugIns/DVTKitDFRSupport.ideplugin/Contents/MacOS/DVTKitDFRSupport, 265): Symbol not found: _OBJC_IVAR_$_NSFont._fFlags
  Referenced from: /Applications/Xcode.app/Contents/Developer/usr/bin/../../../SharedFrameworks/DVTKit.framework/Versions/A/DVTKit
  Expected in: /System/Library/Frameworks/AppKit.framework/Versions/C/AppKit
 in /Applications/Xcode.app/Contents/Developer/usr/bin/../../../SharedFrameworks/DVTKit.framework/Versions/A/DVTKit" UserInfo={NSLocalizedFailureReason=The bundle couldn’t be loaded., NSLocalizedRecoverySuggestion=Try reinstalling the bundle., NSFilePath=/Applications/Xcode.app/Contents/PlugIns/DVTKitDFRSupport.ideplugin/Contents/MacOS/DVTKitDFRSupport, NSDebugDescription=dlopen(/Applications/Xcode.app/Contents/PlugIns/DVTKitDFRSupport.ideplugin/Contents/MacOS/DVTKitDFRSupport, 265): Symbol not found: _OBJC_IVAR_$_NSFont._fFlags
  Referenced from: /Applications/Xcode.app/Contents/Developer/usr/bin/../../../SharedFrameworks/DVTKit.framework/Versions/A/DVTKit
  Expected in: /System/Library/Frameworks/AppKit.framework/Versions/C/AppKit
 in /Applications/Xcode.app/Contents/Developer/usr/bin/../../../SharedFrameworks/DVTKit.framework/Versions/A/DVTKit, NSBundlePath=/Applications/Xcode.app/Contents/PlugIns/DVTKitDFRSupport.ideplugin, NSLocalizedDescription=The bundle “DVTKitDFRSupport” couldn’t be loaded.}}}
** INTERNAL ERROR: Uncaught exception **
Uncaught Exception: Error getting value for key 'initializationClass' of extension 'Xcode.DVTKitDFRSupport.Initializer' in plug-in 'com.apple.dt.IDE.DVTKitDFRSupport'
Stack:
  0   __exceptionPreprocess (in CoreFoundation)
  1   objc_exception_throw (in libobjc.A.dylib)
  2   -[DVTExtension valueForKey:error:] (in DVTFoundation)
  3   _IDEInitializeOnePlugInAndPrerequisites (in IDEFoundation)
  4   _IDEInitializePlugIns (in IDEFoundation)
  5   IDEInitialize (in IDEFoundation)
  6   -[Xcode3CommandLineBuildTool run] (in Xcode3Core)
  7  0x0000000106267202 (in xcodebuild)
  8   start (in libdyld.dylib)

sh: line 1: 63020 Abort trap: 6           /Applications/Xcode.app/Contents/Developer/usr/bin/xcodebuild -sdk macosx -find git 2> /dev/null
git: error: unable to find utility "git", not a developer tool or in PATH

2019-10-30 17:33:23,221 [Thread-7] ERROR org.eclipse.jgit.util.FS - 2019-10-30 17:33:21.469 xcodebuild[88184:1486270] [MT] DVTPlugInLoading: Failed to load code for plug-in com.apple.dt.IDE.DVTKitDFRSupport (/Applications/Xcode.app/Contents/PlugIns/DVTKitDFRSupport.ideplugin), error = Error Domain=NSCocoaErrorDomain Code=3588 "dlopen(/Applications/Xcode.app/Contents/PlugIns/DVTKitDFRSupport.ideplugin/Contents/MacOS/DVTKitDFRSupport, 265): Symbol not found: _OBJC_IVAR_$_NSFont._fFlags
  Referenced from: /Applications/Xcode.app/Contents/Developer/usr/bin/../../../SharedFrameworks/DVTKit.framework/Versions/A/DVTKit
  Expected in: /System/Library/Frameworks/AppKit.framework/Versions/C/AppKit
 in /Applications/Xcode.app/Contents/Developer/usr/bin/../../../SharedFrameworks/DVTKit.framework/Versions/A/DVTKit" UserInfo={NSLocalizedFailureReason=The bundle couldn’t be loaded., NSLocalizedRecoverySuggestion=Try reinstalling the bundle., NSFilePath=/Applications/Xcode.app/Contents/PlugIns/DVTKitDFRSupport.ideplugin/Contents/MacOS/DVTKitDFRSupport, NSDebugDescription=dlopen(/Applications/Xcode.app/Contents/PlugIns/DVTKitDFRSupport.ideplugin/Contents/MacOS/DVTKitDFRSupport, 265): Symbol not found: _OBJC_IVAR_$_NSFont._fFlags
  Referenced from: /Applications/Xcode.app/Contents/Developer/usr/bin/../../../SharedFrameworks/DVTKit.framework/Versions/A/DVTKit
  Expected in: /System/Library/Frameworks/AppKit.framework/Versions/C/AppKit
 in /Applications/Xcode.app/Contents/Developer/usr/bin/../../../SharedFrameworks/DVTKit.framework/Versions/A/DVTKit, NSBundlePath=/Applications/Xcode.app/Contents/PlugIns/DVTKitDFRSupport.ideplugin, NSLocalizedDescription=The bundle “DVTKitDFRSupport” couldn’t be loaded.}, dyldError = dlopen(/Applications/Xcode.app/Contents/PlugIns/DVTKitDFRSupport.ideplugin/Contents/MacOS/DVTKitDFRSupport, 0): Symbol not found: _OBJC_IVAR_$_NSFont._fFlags
  Referenced from: /Applications/Xcode.app/Contents/SharedFrameworks/DVTFoundation.framework/Versions/A/../../../DVTKit.framework/Versions/A/DVTKit
  Expected in: /System/Library/Frameworks/AppKit.framework/Versions/C/AppKit
 in /Applications/Xcode.app/Contents/SharedFrameworks/DVTFoundation.framework/Versions/A/../../../DVTKit.framework/Versions/A/DVTKit
2019-10-30 17:33:21.469 xcodebuild[88184:1486270] [MT] DVTPlugInExtensionFaulting: Failed to fire fault for extension Xcode.DVTKitDFRSupport.Initializer: Error Domain=DVTPlugInErrorDomain Code=2 "Loading a plug-in failed." UserInfo={DVTPlugInIdentifierErrorKey=com.apple.dt.IDE.DVTKitDFRSupport, DVTPlugInExecutablePathErrorKey=/Applications/Xcode.app/Contents/PlugIns/DVTKitDFRSupport.ideplugin/Contents/MacOS/DVTKitDFRSupport, NSLocalizedRecoverySuggestion=The plug-in or one of its prerequisite plug-ins may be missing or damaged and may need to be reinstalled., DVTPlugInDYLDErrorMessageErrorKey=dlopen(/Applications/Xcode.app/Contents/PlugIns/DVTKitDFRSupport.ideplugin/Contents/MacOS/DVTKitDFRSupport, 0): Symbol not found: _OBJC_IVAR_$_NSFont._fFlags
  Referenced from: /Applications/Xcode.app/Contents/SharedFrameworks/DVTFoundation.framework/Versions/A/../../../DVTKit.framework/Versions/A/DVTKit
  Expected in: /System/Library/Frameworks/AppKit.framework/Versions/C/AppKit
 in /Applications/Xcode.app/Contents/SharedFrameworks/DVTFoundation.framework/Versions/A/../../../DVTKit.framework/Versions/A/DVTKit, NSLocalizedDescription=Loading a plug-in failed., NSFilePath=/Applications/Xcode.app/Contents/PlugIns/DVTKitDFRSupport.ideplugin, NSLocalizedFailureReason=The plug-in “com.apple.dt.IDE.DVTKitDFRSupport” at path “/Applications/Xcode.app/Contents/PlugIns/DVTKitDFRSupport.ideplugin” could not be loaded.  The plug-in or one of its prerequisite plug-ins may be missing or damaged., NSUnderlyingError=0x7fc1fceb9ff0 {Error Domain=NSCocoaErrorDomain Code=3588 "dlopen(/Applications/Xcode.app/Contents/PlugIns/DVTKitDFRSupport.ideplugin/Contents/MacOS/DVTKitDFRSupport, 265): Symbol not found: _OBJC_IVAR_$_NSFont._fFlags
  Referenced from: /Applications/Xcode.app/Contents/Developer/usr/bin/../../../SharedFrameworks/DVTKit.framework/Versions/A/DVTKit
  Expected in: /System/Library/Frameworks/AppKit.framework/Versions/C/AppKit
 in /Applications/Xcode.app/Contents/Developer/usr/bin/../../../SharedFrameworks/DVTKit.framework/Versions/A/DVTKit" UserInfo={NSLocalizedFailureReason=The bundle couldn’t be loaded., NSLocalizedRecoverySuggestion=Try reinstalling the bundle., NSFilePath=/Applications/Xcode.app/Contents/PlugIns/DVTKitDFRSupport.ideplugin/Contents/MacOS/DVTKitDFRSupport, NSDebugDescription=dlopen(/Applications/Xcode.app/Contents/PlugIns/DVTKitDFRSupport.ideplugin/Contents/MacOS/DVTKitDFRSupport, 265): Symbol not found: _OBJC_IVAR_$_NSFont._fFlags
  Referenced from: /Applications/Xcode.app/Contents/Developer/usr/bin/../../../SharedFrameworks/DVTKit.framework/Versions/A/DVTKit
  Expected in: /System/Library/Frameworks/AppKit.framework/Versions/C/AppKit
 in /Applications/Xcode.app/Contents/Developer/usr/bin/../../../SharedFrameworks/DVTKit.framework/Versions/A/DVTKit, NSBundlePath=/Applications/Xcode.app/Contents/PlugIns/DVTKitDFRSupport.ideplugin, NSLocalizedDescription=The bundle “DVTKitDFRSupport” couldn’t be loaded.}}}
** INTERNAL ERROR: Uncaught exception **
Uncaught Exception: Error getting value for key 'initializationClass' of extension 'Xcode.DVTKitDFRSupport.Initializer' in plug-in 'com.apple.dt.IDE.DVTKitDFRSupport'
Stack:
  0   __exceptionPreprocess (in CoreFoundation)
  1   objc_exception_throw (in libobjc.A.dylib)
  2   -[DVTExtension valueForKey:error:] (in DVTFoundation)
  3   _IDEInitializeOnePlugInAndPrerequisites (in IDEFoundation)
  4   _IDEInitializePlugIns (in IDEFoundation)
  5   IDEInitialize (in IDEFoundation)
  6   -[Xcode3CommandLineBuildTool run] (in Xcode3Core)
  7  0x000000010efc1202 (in xcodebuild)
  8   start (in libdyld.dylib)

sh: line 1: 88189 Abort trap: 6           /Applications/Xcode.app/Contents/Developer/usr/bin/xcodebuild -sdk macosx -find git 2> /dev/null
git: error: unable to find utility "git", not a developer tool or in PATH

2019-10-30 17:33:25,513 [Thread-11] ERROR org.eclipse.jgit.util.FS - 2019-10-30 17:33:24.394 xcodebuild[88193:1486587] [MT] DVTPlugInLoading: Failed to load code for plug-in com.apple.dt.IDE.DVTKitDFRSupport (/Applications/Xcode.app/Contents/PlugIns/DVTKitDFRSupport.ideplugin), error = Error Domain=NSCocoaErrorDomain Code=3588 "dlopen(/Applications/Xcode.app/Contents/PlugIns/DVTKitDFRSupport.ideplugin/Contents/MacOS/DVTKitDFRSupport, 265): Symbol not found: _OBJC_IVAR_$_NSFont._fFlags
  Referenced from: /Applications/Xcode.app/Contents/Developer/usr/bin/../../../SharedFrameworks/DVTKit.framework/Versions/A/DVTKit
  Expected in: /System/Library/Frameworks/AppKit.framework/Versions/C/AppKit
 in /Applications/Xcode.app/Contents/Developer/usr/bin/../../../SharedFrameworks/DVTKit.framework/Versions/A/DVTKit" UserInfo={NSLocalizedFailureReason=The bundle couldn’t be loaded., NSLocalizedRecoverySuggestion=Try reinstalling the bundle., NSFilePath=/Applications/Xcode.app/Contents/PlugIns/DVTKitDFRSupport.ideplugin/Contents/MacOS/DVTKitDFRSupport, NSDebugDescription=dlopen(/Applications/Xcode.app/Contents/PlugIns/DVTKitDFRSupport.ideplugin/Contents/MacOS/DVTKitDFRSupport, 265): Symbol not found: _OBJC_IVAR_$_NSFont._fFlags
  Referenced from: /Applications/Xcode.app/Contents/Developer/usr/bin/../../../SharedFrameworks/DVTKit.framework/Versions/A/DVTKit
  Expected in: /System/Library/Frameworks/AppKit.framework/Versions/C/AppKit
 in /Applications/Xcode.app/Contents/Developer/usr/bin/../../../SharedFrameworks/DVTKit.framework/Versions/A/DVTKit, NSBundlePath=/Applications/Xcode.app/Contents/PlugIns/DVTKitDFRSupport.ideplugin, NSLocalizedDescription=The bundle “DVTKitDFRSupport” couldn’t be loaded.}, dyldError = dlopen(/Applications/Xcode.app/Contents/PlugIns/DVTKitDFRSupport.ideplugin/Contents/MacOS/DVTKitDFRSupport, 0): Symbol not found: _OBJC_IVAR_$_NSFont._fFlags
  Referenced from: /Applications/Xcode.app/Contents/SharedFrameworks/DVTFoundation.framework/Versions/A/../../../DVTKit.framework/Versions/A/DVTKit
  Expected in: /System/Library/Frameworks/AppKit.framework/Versions/C/AppKit
 in /Applications/Xcode.app/Contents/SharedFrameworks/DVTFoundation.framework/Versions/A/../../../DVTKit.framework/Versions/A/DVTKit
2019-10-30 17:33:24.395 xcodebuild[88193:1486587] [MT] DVTPlugInExtensionFaulting: Failed to fire fault for extension Xcode.DVTKitDFRSupport.Initializer: Error Domain=DVTPlugInErrorDomain Code=2 "Loading a plug-in failed." UserInfo={DVTPlugInIdentifierErrorKey=com.apple.dt.IDE.DVTKitDFRSupport, DVTPlugInExecutablePathErrorKey=/Applications/Xcode.app/Contents/PlugIns/DVTKitDFRSupport.ideplugin/Contents/MacOS/DVTKitDFRSupport, NSLocalizedRecoverySuggestion=The plug-in or one of its prerequisite plug-ins may be missing or damaged and may need to be reinstalled., DVTPlugInDYLDErrorMessageErrorKey=dlopen(/Applications/Xcode.app/Contents/PlugIns/DVTKitDFRSupport.ideplugin/Contents/MacOS/DVTKitDFRSupport, 0): Symbol not found: _OBJC_IVAR_$_NSFont._fFlags
  Referenced from: /Applications/Xcode.app/Contents/SharedFrameworks/DVTFoundation.framework/Versions/A/../../../DVTKit.framework/Versions/A/DVTKit
  Expected in: /System/Library/Frameworks/AppKit.framework/Versions/C/AppKit
 in /Applications/Xcode.app/Contents/SharedFrameworks/DVTFoundation.framework/Versions/A/../../../DVTKit.framework/Versions/A/DVTKit, NSLocalizedDescription=Loading a plug-in failed., NSFilePath=/Applications/Xcode.app/Contents/PlugIns/DVTKitDFRSupport.ideplugin, NSLocalizedFailureReason=The plug-in “com.apple.dt.IDE.DVTKitDFRSupport” at path “/Applications/Xcode.app/Contents/PlugIns/DVTKitDFRSupport.ideplugin” could not be loaded.  The plug-in or one of its prerequisite plug-ins may be missing or damaged., NSUnderlyingError=0x7f9090ac5b60 {Error Domain=NSCocoaErrorDomain Code=3588 "dlopen(/Applications/Xcode.app/Contents/PlugIns/DVTKitDFRSupport.ideplugin/Contents/MacOS/DVTKitDFRSupport, 265): Symbol not found: _OBJC_IVAR_$_NSFont._fFlags
  Referenced from: /Applications/Xcode.app/Contents/Developer/usr/bin/../../../SharedFrameworks/DVTKit.framework/Versions/A/DVTKit
  Expected in: /System/Library/Frameworks/AppKit.framework/Versions/C/AppKit
 in /Applications/Xcode.app/Contents/Developer/usr/bin/../../../SharedFrameworks/DVTKit.framework/Versions/A/DVTKit" UserInfo={NSLocalizedFailureReason=The bundle couldn’t be loaded., NSLocalizedRecoverySuggestion=Try reinstalling the bundle., NSFilePath=/Applications/Xcode.app/Contents/PlugIns/DVTKitDFRSupport.ideplugin/Contents/MacOS/DVTKitDFRSupport, NSDebugDescription=dlopen(/Applications/Xcode.app/Contents/PlugIns/DVTKitDFRSupport.ideplugin/Contents/MacOS/DVTKitDFRSupport, 265): Symbol not found: _OBJC_IVAR_$_NSFont._fFlags
  Referenced from: /Applications/Xcode.app/Contents/Developer/usr/bin/../../../SharedFrameworks/DVTKit.framework/Versions/A/DVTKit
  Expected in: /System/Library/Frameworks/AppKit.framework/Versions/C/AppKit
 in /Applications/Xcode.app/Contents/Developer/usr/bin/../../../SharedFrameworks/DVTKit.framework/Versions/A/DVTKit, NSBundlePath=/Applications/Xcode.app/Contents/PlugIns/DVTKitDFRSupport.ideplugin, NSLocalizedDescription=The bundle “DVTKitDFRSupport” couldn’t be loaded.}}}
** INTERNAL ERROR: Uncaught exception **
Uncaught Exception: Error getting value for key 'initializationClass' of extension 'Xcode.DVTKitDFRSupport.Initializer' in plug-in 'com.apple.dt.IDE.DVTKitDFRSupport'
Stack:
  0   __exceptionPreprocess (in CoreFoundation)
  1   objc_exception_throw (in libobjc.A.dylib)
  2   -[DVTExtension valueForKey:error:] (in DVTFoundation)
  3   _IDEInitializeOnePlugInAndPrerequisites (in IDEFoundation)
  4   _IDEInitializePlugIns (in IDEFoundation)
  5   IDEInitialize (in IDEFoundation)
  6   -[Xcode3CommandLineBuildTool run] (in Xcode3Core)
  7  0x000000010680a202 (in xcodebuild)
  8   start (in libdyld.dylib)

sh: line 1: 88196 Abort trap: 6           /Applications/Xcode.app/Contents/Developer/usr/bin/xcodebuild -sdk macosx -find git 2> /dev/null
git: error: unable to find utility "git", not a developer tool or in PATH

2019-10-30 17:36:43,972 [Worker-72] WARN  o.e.r.models.ModelRepository - Failed to download org.eclipse.recommenders:index::zip:0.0.0
org.eclipse.aether.resolution.ArtifactResolutionException: Could not find artifact org.eclipse.recommenders:index:zip:0.0.0-SNAPSHOT in models (http://download.eclipse.org/recommenders/models/neon/)
	at org.eclipse.aether.internal.impl.DefaultArtifactResolver.resolve(DefaultArtifactResolver.java:444) ~[na:na]
	at org.eclipse.aether.internal.impl.DefaultArtifactResolver.resolveArtifacts(DefaultArtifactResolver.java:246) ~[na:na]
	at org.eclipse.aether.internal.impl.DefaultArtifactResolver.resolveArtifact(DefaultArtifactResolver.java:223) ~[na:na]
	at org.eclipse.aether.internal.impl.DefaultRepositorySystem.resolveArtifact(DefaultRepositorySystem.java:294) ~[na:na]
	at org.eclipse.recommenders.models.ModelRepository.resolveInternal(ModelRepository.java:193) [org.eclipse.recommenders.models_2.4.3.v20160913-0645.jar:na]
	at org.eclipse.recommenders.models.ModelRepository.resolve(ModelRepository.java:172) [org.eclipse.recommenders.models_2.4.3.v20160913-0645.jar:na]
	at org.eclipse.recommenders.internal.models.rcp.EclipseModelRepository.resolve(EclipseModelRepository.java:165) [org.eclipse.recommenders.models.rcp_2.4.3.v20160913-0645.jar:na]
	at org.eclipse.recommenders.internal.models.rcp.DownloadModelArchiveJob.run(DownloadModelArchiveJob.java:76) [org.eclipse.recommenders.models.rcp_2.4.3.v20160913-0645.jar:na]
	at org.eclipse.core.internal.jobs.Worker.run(Worker.java:55) [org.eclipse.core.jobs_3.8.0.v20160509-0411.jar:na]
Caused by: org.eclipse.aether.transfer.ArtifactNotFoundException: Could not find artifact org.eclipse.recommenders:index:zip:0.0.0-SNAPSHOT in models (http://download.eclipse.org/recommenders/models/neon/)
	at org.eclipse.aether.connector.basic.ArtifactTransportListener.transferFailed(ArtifactTransportListener.java:39) ~[org.eclipse.aether.connector.basic_1.0.1.v20141111.jar:na]
	at org.eclipse.aether.connector.basic.BasicRepositoryConnector$TaskRunner.run(BasicRepositoryConnector.java:355) ~[org.eclipse.aether.connector.basic_1.0.1.v20141111.jar:na]
	at org.eclipse.aether.util.concurrency.RunnableErrorForwarder$1.run(RunnableErrorForwarder.java:67) ~[na:na]
	at org.eclipse.aether.connector.basic.BasicRepositoryConnector$DirectExecutor.execute(BasicRepositoryConnector.java:581) ~[org.eclipse.aether.connector.basic_1.0.1.v20141111.jar:na]
	at org.eclipse.aether.connector.basic.BasicRepositoryConnector.get(BasicRepositoryConnector.java:249) ~[org.eclipse.aether.connector.basic_1.0.1.v20141111.jar:na]
	at org.eclipse.aether.internal.impl.DefaultArtifactResolver.performDownloads(DefaultArtifactResolver.java:520) ~[na:na]
	at org.eclipse.aether.internal.impl.DefaultArtifactResolver.resolve(DefaultArtifactResolver.java:421) ~[na:na]
	... 8 common frames omitted
